[    .0000]niialing cgroup subyspuse
    .000000] Initializing cgroup subsys cpu
[    0.00000] Initializing cgroup susys cpact
[  000000]inx veio4.4.0-83-enic (builddlg1-9)(g vrson5.0 201660(Uuntu 5..06uun1~.04.4) ) #106-Ubuntu SMP Mon Jun 26 7::43 UTC 2017 (Ubuntu 4.4.0-83.106-generic .470
[    0.000000]Coand line: BOOT_IMAGE=/boot/vmlinz-4.4-8-generi rotUID=4d5d1894-7ea2-4612-ba0d-9cf5344f2639 ro consolett1 conslettS0
[    0000] KERNEL supported cpus:
[    0.000000]   Intel GenuineIntel
[    0.000000]   AMD AuthenticAMD
[    0.000000]   Centaur CentaurHauls
[    0.000000] x86/f: state_offset[2]:  576, xstate_sizes[]:256
  0.0000] 6/pu: uprtin XVEfeature 0x01: 'x87flatng point regisrs
[    0.000000] x86/fpu: Supporting XSAVE feur 0x02: SS rgistes'[   0.0000 x/fp: Supporting XAVfeaturex0: 'A registers'
[    0.000000] x86/fpu: Enabled xstate features 0x7, context size is 832 bytes, using 'standard' format.
[    0.000000] x86/fpu: Using 'lazy' FPU context switches.
[    0.000000] e820: BIOS-provided physical RAM map:
[   0.00000]BIOS-e820: [mem 0x000000000000000-0x000000000009fbff] usable
[    0.000000] BIOS-e820: [mem 0x000000000009fc00-0x000000000009ffff] reserved
[    0.000000] BIOS-e820: [mem 0x00000000000f0000-0x00000000000fffff] reserved
[    0.000000] IOS-e820: [mem 0x0000000000100000-0x000000003ffeffff] usable
[    0.000000] BIOS-e820: [mem 0x000000003fff0000-0x000000003fffffff] ACPI data
[    0.000000] BIOS-e820: [mem 0x00000000fff0000-0000000ffffffff] reserved
[    0.000000] NX (Execute Disabl) otectn:active
[    0.000000] SMBIOS 2.5 present.
[    0.000000] Hyprvor detected: KVM
[    0.000000] e820: last_pfn = 0x3fff0 max_rc_pf = 0x400000000
[    0.000000] MTRR: Disabled
[    0.000000] x86/PAT: MTRRs disable, kipping PAT initialization too.
[    0.000000] 6/AT: Coiguration [0-7]: WB  WT  UC- C  WB WT  UC- UC  
[   0.000000] CPU MTRRs all blank - irualized system.
[    0.000] fou SP MP-table at [mem 0x009ff0-x0009ff] appeat ffff80009fff0]
[    0.00000 Sannng ares or lowmeor crrtin   0.0000 RADI: [mm 0x3634000-0371ff]    0.0000 ACI:ary tale chckum verifcaon disabled
[   0.0000] ACPI: DP0x00000000E00000024(v2 BOX  
[   0.0000] ACPI: SD 00000003FFF0030 00003C (v01 VBOX   VBOXXXSDT 00000001 ASL  00000061)
[    0.000000] ACPI: FACP 0x00000000FF000 00F (04 VBOX   VOXACP 00000001SL 00000061)
[    0.000000] AI: DSDT 0x000000003FFF0470 002118 (v01 VBOX   VBOXBIOS 00000002 ITL 21028)
[    0.000000] ACPI: FACS 0x0000003FFF0200 000040
[    0.000000] ACPI: FACS 0x000000003FFF000 000040
[    0.000000] ACPI: APIC 0x000000003FFF024000005C (v02 VBOX   VBOXIC 00000001 ASL  00000061)
[    0.00000ACI: SSDT 0x000000003FFF02A0 0001CC (v01 VBOX   VBOXCPUT 00000002 INTL 20100528)
[    0.000000] No NUMA configuration fod
[  0.00000] Fkig node at em0x0000000000000000-0x000000003feff]
[  00000]NOE_DATA(0) allocated mem x3feb000-0x3ffeffff]
[    0.000000] kvm-clock: Using msrs 4b564d01 and 4b564d00
[    0.000000] kvm-clock: u , msr0:ff3001, primary cpu clock
[    .0000] kvm-clock: using sched offset of 3753808115 cycles
[    0.000000] clocksource: kvm-clock:as: 0xffffffffffff mx_ycles: 01cd42e4dffb, max_idle_ns: 881590591483 ns
[    0.000000] Zone ranges:
[    0.000000]   DMA      [mem 0x0000000000001000-0x0000000000ffffff]
[    0.000000]   DMA32    [mem 0x0000000001000000-0x000000003ffeffff]
[    0.000000]   Normal   epty
[    0.000000]   Device   empty
[    0.000000] Movable zone start for each node
[    0.000000] Early emory no rnges
[   .000000]   node   0: [mem 0x0000000000001000-0x000000000009efff]
[    0.0000]  noe  0: [mem 0x0000000000100000-0x000000ffefff]
[   0.0000] nimeseup nde [eem 0000000001000-0x00000003feffff]
[    00000] ACPI: PM-Timer IO Port: 0x4008
[    0.000000] IOAPIC[0]: apic_id 2, version 17, address 0xec00000, GSI 0-23
[    0.0000] ACPI: INT_SRC_OVR bu0 bus_irq 0 global_irq 2 df dl)
[    0.000000] ACPI: INT_SRC_OVR (bus 0 bus_irq 9 global_irq 9 high level)
[    0.000000] Using ACPI (MADT) for SMP configuration infoaton
[    00000]mpoot: Allowin2 PU, hotplug CPUs
[    0.000000] PM: Reisred nosave memory: [memx00000000-0x00000fff]
[    0.000000] PM: Registered nosave memory: [mem 0x0009f000-0x0009ffff]
[    0.000000] PM: Registered nosave memory: [mem 0x000a0000-0x000effff]
[    0.00000] PM: Registered nosave memory: [mem 0x000f000-00fff]
    0.000000] e820: me0x0000000-0xfffbffff] available for PCI devices
[    0.000000] Booting paravirtualized kernel on KVM
[    0.0000] clocksource: refined-jiffies: mask: 0xffffffff max_cycles: 0xffffffff, max_idle_ns: 7645519600211568 ns
  0.0000] setp_percpu: NR_CPUS:512 n_cumas_bits:512 nr_u_id:2nrnode_ids:1
[    0.000000] PERCPU: Embedded 33 pages/cpu @fff803fc00000 s98264 r8192 d28712 u1048576
[    0.000000] PV qpilockha tabe tres: 25 (der: 0, 4096 bytes)
[    0.000000] Built 1 zoniss in Node order, mobility grouping on.  Total pages: 257913
[    0.000000] Policy zone: DMA32
[    0.000000] Kernel command line: BOOT_IMAGE=/boot/vmlinuz4.0-83-generi rot=UUI=4d5d1894-7ea2-4612-ba0d-9cf5344f2639 ro console=tty1 console=ttyS0
[    0.000000] PID hash table entries: 4096 (order: 3, 32768 bytes)
[    0.000000] Memory: 997352K/1048120K available (8469K kernel code, 1294K rwdata, 398K odata, 1488K init, 1316K bss, 50768K reserved, 0K cma-esrvd)    0.00000]LUB:HWign=4,Orer=0-3, MinObjects=0, CPUs=2, Nodes=1
[    0.000000] Hierarchica R implemnttion.
[    0.000000] 	Build-time adjustmentof leaffanout to 64.
[    0.000000] 	RCU restricting CPUs from NR_CPUS=512 to nr_cpu_ids=2.
[    0.000000] RCU Adjusting geomeryor rcu_fanou_lf=64,r_pu_s=
[  0.00000] NIRS:3024 r_qs4406[    00000] Console: colour VGA+ 80x25
[    0.000000] console [tty1] enabled
[   .000000] console [ttyS0] enabled
[   .000000] tsc: Detected 2699.998 MHz processor
[   10.013668] Calibrating delay loop (skipped) preset value.. 5399.99 BogoMIPS (lpj=10799992)
[   10.053543] pid_max: default: 32768 minimum: 301
[   10.079390] ACPI: Core revision 20150930
[   10.083058] ACPI: 2 ACPI AML tables successfully acquired and loaded
[   10.104374] Security Framework initialized
[   10.146770] Yama: becoming mindful.
[   10.157482] AppArmor: AppArmor initialized
[   10.179564] Dentry cache hash table entries: 131072 (order: 8, 1048576 bytes)
[   10.182273] Inode-cache hash table entries: 65536 (order: 7, 524288 bytes)
[   10.191296] Mount-cache hash table entries: 2048 (order: 2, 16384 bytes)
[   10.254081] Mountpoint-cache hash table entries: 2048 (order: 2, 16384 bytes)
[   10.292744] Initializing cgroup subsys io
[   10.359903] Initializing cgroup subsys memory
[   10.370601] Initializing cgroup subsys devices
[   10.376881] Initializing cgroup subsys freezer
[   10.377970] Initializing cgroup subsys net_cls
[   10.379028] Initializing cgroup subsys perf_event
[   10.380960] Initializing cgroup subsys net_prio
[   10.398843] Initializing cgroup subsys hugetlb
[   10.402989] Initializing cgroup subsys pids
[   10.409623] CPU: Physical Processor ID: 0
[   10.416324] CPU: Processor Core ID: 0
[   10.425139] mce: CPU supports 0 MCE banks
[   10.428706] Last level iTLB entries: 4KB 64, 2MB 8, 4MB 8
[   10.434809] Last level dTLB entries: 4KB 64, 2MB 0, 4MB 0, 1GB 4
[   10.444892] Freeing SMP alternatives memory: 32K (ffffffff820b9000 - ffffffff820c1000)
[   10.470014] ftrace: allocating 32129 entries in 126 pages
[   10.554082] smpboot: APIC(0) Converting physical 0 to logical package 0
[   10.579066] smpboot: Max logical packages: 1
[   10.583037] ..TIMER: vector=0x30 apic1=0 pin1=2 apic2=-1 pin2=-1
[   10.700510] smpboot: CPU0: Intel(R) Core(TM) i5-5257U CPU @ 2.70GHz (family: 0x6, model: 0x3d, stepping: 0x4)
[   10.729249] Performance Events: unsupported p6 CPU model 61 no PMU driver, software events only.
[   10.748672] KVM setup paravirtual spinlock
[   10.755896] x86: Booting SMP configuration:
[   10.770295] .... node  #0, CPUs:      #1
[   10.772439] kvm-clock: cpu 1, msr 0:3ffe3041, secondary cpu clock
[   10.797801] mce: CPU supports 0 MCE banks
[   10.810204] x86: Booted up 1 node, 2 CPUs
[   10.813861] smpboot: Total of 2 processors activated (10799.99 BogoMIPS)
[   10.846284] devtmpfs: initialized
[   10.858195] evm: security.selinux
[   10.870259] evm: security.SMACK64
[   10.879231] evm: security.SMACK64EXEC
[   10.883032] evm: security.SMACK64TRANSMUTE
[   10.890984] evm: security.SMACK64MMAP
[   10.897576] evm: security.ima
[   10.900725] evm: security.capability
[   10.901994] clocksource: jiffies: mask: 0xffffffff max_cycles: 0xffffffff, max_idle_ns: 7645041785100000 ns
[   10.941313] futex hash table entries: 512 (order: 3, 32768 bytes)
[   10.963175] pinctrl core: initialized pinctrl subsystem
[   11.012086] RTC time:  1:19:35, date: 07/17/17
[   11.048761] NET: Registered protocol family 16
[   11.087361] cpuidle: using governor ladder
[   11.142731] cpuidle: using governor menu
[   11.188949] PCCT header not found.
[   11.212278] ACPI: bus type PCI registered
[   11.239235] acpiphp: ACPI Hot Plug PCI Controller Driver version: 0.5
[   11.280673] PCI: Using configuration type 1 for base access
[   11.336991] ACPI: Added _OSI(Module Device)
[   11.355468] ACPI: Added _OSI(Processor Device)
[   11.364741] ACPI: Added _OSI(3.0 _SCP Extensions)
[   11.395023] ACPI: Added _OSI(Processor Aggregator Device)
[   11.405883] ACPI: Executed 1 blocks of module-level executable AML code
[   11.432243] ACPI: Interpreter enabled
[   11.441029] ACPI: (supports S0 S5)
[   11.444182] ACPI: Using IOAPIC for interrupt routing
[   11.448761] PCI: Using host bridge windows from ACPI; if necessary, use "pci=nocrs" and report a bug
[   11.457527] ACPI: PCI Root Bridge [PCI0] (domain 0000 [bus 00-ff])
[   11.489612] acpi PNP0A03:00: _OSC: OS supports [ASPM ClockPM Segments MSI]
[   11.504686] acpi PNP0A03:00: _OSC failed (AE_NOT_FOUND); disabling ASPM
[   11.506224] acpi PNP0A03:00: fail to add MMCONFIG information, can't access extended PCI configuration space under this bridge.
[   11.572939] PCI host bridge to bus 0000:00
[   11.606747] pci_bus 0000:00: root bus resource [io  0x0000-0x0cf7 window]
[   11.608243] pci_bus 0000:00: root bus resource [io  0x0d00-0xffff window]
[   11.644187] pci_bus 0000:00: root bus resource [mem 0x000a0000-0x000bffff window]
[   11.678978] pci_bus 0000:00: root bus resource [mem 0x40000000-0xffdfffff window]
[   11.720772] pci_bus 0000:00: root bus resource [bus 00-ff]
[   11.753946] pci 0000:00:01.1: legacy IDE quirk: reg 0x10: [io  0x01f0-0x01f7]
[   11.798129] pci 0000:00:01.1: legacy IDE quirk: reg 0x14: [io  0x03f6]
[   11.799647] pci 0000:00:01.1: legacy IDE quirk: reg 0x18: [io  0x0170-0x0177]
[   11.882918] pci 0000:00:01.1: legacy IDE quirk: reg 0x1c: [io  0x0376]
[   11.946065] ACPI: PCI Interrupt Link [LNKA] (IRQs 5 9 10 11) *0, disabled.
[   12.016272] ACPI: PCI Interrupt Link [LNKB] (IRQs 5 9 10 *11)
[   12.093992] ACPI: PCI Interrupt Link [LNKC] (IRQs 5 9 *10 11)
[   12.138898] ACPI: PCI Interrupt Link [LNKD] (IRQs 5 *9 10 11)
[   12.182768] ACPI: Enabled 2 GPEs in block 00 to 07
[   12.200402] vgaarb: setting as boot device: PCI:0000:00:02.0
[   12.244963] vgaarb: device added: PCI:0000:00:02.0,decodes=io+mem,owns=io+mem,locks=none
[   12.304644] vgaarb: loaded
[   12.358441] vgaarb: bridge control possible 0000:00:02.0
[   12.376402] SCSI subsystem initialized
[   12.386496] ACPI: bus type USB registered
[   12.402696] usbcore: registered new interface driver usbfs
[   12.419441] usbcore: registered new interface driver hub
[   12.441515] usbcore: registered new device driver usb
[   12.461244] PCI: Using ACPI for IRQ routing
[   12.474241] NetLabel: Initializing
[   12.477290] NetLabel:  domain hash size = 128
[   12.484001] NetLabel:  protocols = UNLABELED CIPSOv4
[   12.485193] NetLabel:  unlabeled traffic allowed by default
[   12.486766] amd_nb: Cannot enumerate AMD northbridges
[   12.490601] clocksource: Switched to clocksource kvm-clock
[   12.515576] AppArmor: AppArmor Filesystem Enabled
[   2.2053] pnp: Pn ACI nit
[  174574]pn: P PIfound 3 devic
[ 1316418]clksrc ai_: as 0fff x_cycles: 0xffffff, max_idle_ns: 2085701024 ns
[   13.7532] T:Regiser ptol miy 

[   14.23366 TP taisd shab eris:19(order:4, 655 bytes)

[   14.834594] TCP bind hash table entries: 8192 (order: 5, 131072 bytes)
[   14.836132] TCP: Hash tables configured (estblishe 892ind81)  5.12464UDhah table entries: 512 (order: 2, 16384 bytes)
[   15.403300] UDP-Lite hash table entrs: 512 (order: 2, 16384 bytes)
[  1.426 NT:Reiser ptoolamy 
[  15.978921] pci 0000:00:00.0: Limiting diret PCI/PCI transfers
[  16.12145]ci 0000:00:01.0: Activating ISA DMA hang workarounds
[ 1643029] Unpacking initramfs...

[   16.665752] Freeing initrd memory: 15224K (ffff880036234000 - ffff880037112000)
[   16.727765] RAPL PMU detected, API unit is 2^-32 Joules, 4 fixed counters 10737418240 ms ovfl timer
[   16.853861] hw unit of domain pp0-core 2^-0 Joules
[   16.942568] hw unit of domain package 2^-0 Joules
[   17.016010] hw unit of domain dram 2^-0 Joules
[   17.030216] hw unit of domain pp1-gpu 2^-0 Joules
[   17.071725] platform rtc_cmos: registered platform RTC device (no PNP device found)
[   17.04239] Scanin for low memoy orptn ve 6send

[   17.624991] audit: initializing netlink subsys (disabled)
[   17.681858] audit: type=2000 audit(1500254375.916:1): initialized
[   17.689273] Initialise system trusted keyring
[   17.692300] HugeTLB registered 2 MB page size, pre-allocated 0 pages
[   17.698529] zbud: loaded
[   1772374] VFS: Dik otas dquot_6.6.0
[   17.8729 V: uocae shable entrie 512 (orer, 4096 bytes)
[   18.411213] tsc: Refined TSC clocksource calibration: 2699.766 MHz
[ 18132]losocets: sk0xffffffffmacyes0x26e6115f, maide_: 072639s
[   1.622 sass: version 4.0 (2009/01/31) Phillip Lougher

[   .903 fe int APvesion 7.23)
[ 20650]ey type big_key regitered
[   .49267] Alloti IMAMOanblklist keyrings.
[   20.925098] Key type asymmetric registered
[   20.939922] Asymmetric key parser 'x509' registered
[   20.952406] Block layer SCSI generic (bsg) driver version 0.4 loaded (major 249)
[   20.977850] io scheduler noop registered
[   20.984638] io scheduler deadline registered (default)
[   20.985942] io scheduler cfq registered
[ 209431pchoplug: PCI Hot Plug PCI reveio 0
[  1.261] pciehp: PC Express Hot Plug Controller Driver version: 0.4
[   21.704090] ACPI: AC Adapter [AC] (on-line)
[   21.705201] input: Power Button as /devices/LNYS:0LNWRBN:0int/np0
[   22.110100] ACPI: Power Button [PWRF]
[   22.111649] input: Sleep Button as /devices/LNSYM:/LNXLP:0int/pu
[   2.559] PI Slep uton [SLPF]

[   22.804680] GHES: HEST is not enabled!
[   22.806308] CP Batty lo[B0]baerprese)  3.07] ri: 825/1655drer 3 ports, IRQ sharing enabled

[  23.85530] 00:02: ttyS0 at I/O 0x3f8 (irq = 4, base_baud= 520)s a 150
[   22181] Liuxgprtntfa v.103
[   24.995]oo mdule loaded
[   24.9175 scs hst0atpi
[   2.20530] csho1: ata_piix
[   25.397264] ata1: PATA max UDMA/33 d 1fct0x6 mdma 0xd000 irq 1
[  27238at2: PTAaxDM33cmd x10 l 0x376md 000 iq 
[  25048liphy:FiedDIOBu: obed
[   26.9412 t: Universal TUN/TAP devie iv, 1.6
[   2.18732tu (C) 1999-2004 Maxrayakymak@ualcomm.com>
[   27.695845] PPP generic driver version 2.4.2
[   27.700145] ehci_hcd: USB 2.0 'Enhanced' Host Controller (EHCI) Driver
[   27.042]hc-pi: EHCI PCI platform driver
[   27.916738] ehci-platform: EH gnec atorm rir
[   8.628]hchc U 1 'pe Ht ntroller (OHCI) Driver

[   28.8520] ohci-pci: HCPCpltfm iv
   299907ohci-platform: OHCI generic platform driver
[  29.395301] uhci_hcd: USB Universal Host Controller Interface driver

[   29.422922] i8042: PNP: PS/2 Controller [PNP0303:PS2K,PNP0f03:PS2M] at 0x60,0x64 irq 1,12
[   29.425305] serio: i8042 KBD port at 0x60,0x64 irq 1
[   29.426491] serio: i8042 AUX port at 0x60,0x64 irq 12
[   29.427930] mousedev: PS/2 mouse device common for all mice
[   29.431006] input: AT Translated Set 2 keyboard as /devices/platform/i8042/serio0/input/input2
[   29.437492] rtc_cmos rtc_cmos: rtc core: registered rtc_cmos as rtc0
[   29.476029] rtc_cmos rtc_cmos: alarms up to one day, 114 bytes nvram
[   29.482437] i2c /dev entries driver
[   29.483530] device-mapper: uevent: version 1.0.3
[   29.494953] device-mapper: ioctl: 4.34.0-ioctl (2015-10-28) initialised: dm-devel@redhat.com
[   29.499259] ledtrig-cpu: registered to indicate activity on CPUs
[   29.515980] NET: Registered protocol family 10
[   29.528291] NET: Registered protocol family 17
[   29.534909] Key type dns_resolver registered
[   29.540568] microcode: CPU0 sig=0x306d4, pf=0x40, revision=0x0
[   29.553311] microcode: CPU1 sig=0x306d4, pf=0x40, revision=0x0
[   29.560859] microcode: Microcode Update Driver: v2.01 <tigran@aivazian.fsnet.co.uk>, Peter Oruba
[   29.618468] registered taskstats version 1
[   29.664085] Loading compiled-in X.509 certificates
[   29.732236] Loaded X.509 cert 'Build time autogenerated kernel key: 35105354eb779045e4d9ad793dead39d5ee93f76'
[   29.861815] zswap: loaded using pool lzo/zbud
[   29.871637] Key type trusted registered
[   29.916271] Key type encrypted registered
[   29.991175] AppArmor: AppArmor sha1 policy hashing enabled
[   30.061437] ima: No TPM chip found, activating TPM-bypass!
[   30.071491] evm: HMAC attrs: 0x1
[   30.089481]   Magic number: 9:656:306
[   30.126006] tty tty35: hash matches
[   30.159649] rtc_cmos rtc_cmos: setting system clock to 2017-07-17 01:19:54 UTC (1500254394)
[   30.219733] BIOS EDD facility v0.16 2004-Jun-25, 0 devices found
[   30.269288] EDD information not available.
[   30.376059] Freeing unused kernel memory: 1488K (ffffffff81f45000 - ffffffff820b9000)
[   30.388033] Write protecting the kernel read-only data: 14336k
[   30.390730] Freeing unused kernel memory: 1760K (ffff880001848000 - ffff880001a00000)
[   30.413095] Freeing unused kernel memory: 112K (ffff880001de4000 - ffff880001e00000)
Loading, please wait...
starting version 229
[   30.451396] random: systemd-udevd: uninitialized urandom read (16 bytes read, 7 bits of entropy available)
[   30.452312] random: udevadm: uninitialized urandom read (16 bytes read, 7 bits of entropy available)
[   30.452368] random: udevadm: uninitialized urandom read (16 bytes read, 7 bits of entropy available)
[   30.452520] random: udevadm: uninitialized urandom read (16 bytes read, 7 bits of entropy available)
[   30.452573] random: udevadm: uninitialized urandom read (16 bytes read, 7 bits of entropy available)
[   30.452628] random: udevadm: uninitialized urandom read (16 bytes read, 7 bits of entropy available)
[   30.452682] random: udevadm: uninitialized urandom read (16 bytes read, 7 bits of entropy available)
[   30.452801] random: udevadm: uninitialized urandom read (16 bytes read, 7 bits of entropy available)
[   30.453005] random: udevadm: uninitialized urandom read (16 bytes read, 7 bits of entropy available)
[   30.453117] random: udevadm: uninitialized urandom read (16 bytes read, 7 bits of entropy available)
[   31.036023] e1000: Intel(R) PRO/1000 Network Driver - version 7.3.21-k8-NAPI
[   31.043726] e1000: Copyright (c) 1999-2006 Intel Corporation.
[   31.051126] Fusion MPT base driver 3.04.20
[   31.065723] Copyright (c) 1999-2008 LSI Corporation
[   31.074423] Fusion MPT SPI Host driver 3.04.20
[   31.097375] AVX version of gcm_enc/dec engaged.
[   31.111467] AES CTR mode by8 optimization enabled
[   31.273088] input: ImExPS/2 Generic Explorer Mouse as /devices/platform/i8042/serio1/input/input4
[   31.483452] e1000 0000:00:03.0 eth0: (PCI:33MHz:32-bit) 02:fb:34:e1:96:ef
[   31.509372] e1000 0000:00:03.0 eth0: Intel(R) PRO/1000 Network Connection
[   31.526695] mptbase: ioc0: Initiating bringup
[   31.529839] e1000 0000:00:03.0 enp0s3: renamed from eth0
[   31.591448] ioc0: LSI53C1030 A0: Capabilities={Initiator}
[   31.776454] scsi host2: ioc0: LSI53C1030 A0, FwRev=00000000h, Ports=1, MaxQ=256, IRQ=20
[   31.892338] scsi 2:0:0:0: Direct-Access     VBOX     HARDDISK         1.0  PQ: 0 ANSI: 5
[   31.949285] scsi target2:0:0: Beginning Domain Validation
[   31.954114] scsi target2:0:0: Domain Validation skipping write tests
[   31.978493] scsi target2:0:0: Ending Domain Validation
[   31.989069] scsi target2:0:0: asynchronous
[   32.011487] scsi 2:0:1:0: Direct-Access     VBOX     HARDDISK         1.0  PQ: 0 ANSI: 5
[   32.057165] scsi target2:0:1: Beginning Domain Validation
[   32.083921] scsi target2:0:1: Domain Validation skipping write tests
[   32.121836] scsi target2:0:1: Ending Domain Validation
[   32.147035] scsi target2:0:1: asynchronous
[   32.172930] sd 2:0:0:0: Attached scsi generic sg0 type 0
[   32.175943] sd 2:0:0:0: [sda] 20971520 512-byte logical blocks: (10.7 GB/10.0 GiB)
[   32.234943] sd 2:0:1:0: Attached scsi generic sg1 type 0
[   32.235030] sd 2:0:1:0: [sdb] 20480 512-byte logical blocks: (10.5 MB/10.0 MiB)
[   32.235180] sd 2:0:1:0: [sdb] Write Protect is off
[   32.235191] sd 2:0:0:0: [sda] Write Protect is off
[   32.235280] sd 2:0:1:0: [sdb] Incomplete mode parameter data
[   32.235281] sd 2:0:1:0: [sdb] Assuming drive cache: write through
[   32.235290] sd 2:0:0:0: [sda] Incomplete mode parameter data
[   32.235291] sd 2:0:0:0: [sda] Assuming drive cache: write through
[   32.264947]  sda: sda1
[   32.266383] sd 2:0:0:0: [sda] Attached SCSI disk
[   32.266462] sd 2:0:1:0: [sdb] Attached SCSI disk
[   34.054815] floppy0: no floppy controllers found
Begin: Loading essential drivers ... [   35.530229] md: linear personality registered for level -1
[   35.540595] md: multipath personality registered for level -4
[   35.567561] md: raid0 personality registered for level 0
[   35.596808] md: raid1 personality registered for level 1
[   35.678743] raid6: sse2x1   gen()  8986 MB/s
[   35.762874] raid6: sse2x1   xor()  6670 MB/s
[   35.878651] raid6: sse2x2   gen()  8546 MB/s
[   35.946658] raid6: sse2x2   xor()  6674 MB/s
[   36.022673] raid6: sse2x4   gen() 12373 MB/s
[   36.094989] raid6: sse2x4   xor()  4870 MB/s
[   36.121609] raid6: using algorithm sse2x4 gen() 12373 MB/s
[   36.128212] raid6: .... xor() 4870 MB/s, rmw enabled
[   36.169866] raid6: using ssse3x2 recovery algorithm
[   36.176239] xor: automatically using best checksumming function:
[   36.258719]    avx       : 12014.000 MB/sec
[   36.296187] async_tx: api initialized (async)
[   36.388309] md: raid6 personality registered for level 6
[   36.396607] md: raid5 personality registered for level 5
[   36.398302] md: raid4 personality registered for level 4
[   36.435402] md: raid10 personality registered for level 10
done.
Begin: Running /scripts/init-premount ... done.
Begin: Mounting root file syst[   36.510568] Btrfs loaded
em ... Begin: Running /scripts/local-top ... done.
Begin: Running /scripts/local-premount ... Scanning for Btrfs filesystems
done.
Warning: fsck no[   36.565433] EXT4-fs (sda1): INFO: recovery required on readonly filesystem
t present, so skipping root file system
[   36.581115] EXT4-fs (sda1): write access will be enabled during recovery
[   36.728987] EXT4-fs (sda1): recovery complete
[   36.748847] EXT4-fs (sda1): mounted filesystem with ordered data mode. Opts: (null)
done.
Begin: Running /scripts/local-bottom ... done.
Begin: Running /scripts/init-bottom ... done.
[   36.972031] systemd[1]: systemd 229 running in system mode. (+PAM +AUDIT +SELINUX +IMA +APPARMOR +SMACK +SYSVINIT +UTMP +LIBCRYPTSETUP +GCRYPT +GNUTLS +ACL +XZ -LZ4 +SECCOMP +BLKID +ELFUTILS +KMOD -IDN)
[   37.160278] systemd[1]: Detected virtualization oracle.
[   37.227852] systemd[1]: Detected architecture x86-64.

Welcome to [1mUbuntu 16.04.2 LTS[0m!

[   37.276205] systemd[1]: Set hostname to <ubuntu-xenial>.
[   37.570697] systemd[1]: Listening on Syslog Socket.
[[0;32m  OK  [0m] Listening on Syslog Socket.
[   37.605052] systemd[1]: Listening on Journal Audit Socket.
[[0;32m  OK  [0m] Listening on Journal Audit Socket.
[   37.651660] systemd[1]: Listening on udev Control Socket.
[[0;32m  OK  [0m] Listening on udev Control Socket.
[   37.691073] random: nonblocking pool is initialized
[   37.713261] systemd[1]: Listening on Device-mapper event daemon FIFOs.
[[0;32m  OK  [0m] Listening on Device-mapper event daemon FIFOs.
[   37.823666] systemd[1]: Listening on /dev/initctl Compatibility Named Pipe.
[[0;32m  OK  [0m] Listening on /dev/initctl Compatibility Named Pipe.
[   37.879094] systemd[1]: Listening on udev Kernel Socket.
[[0;32m  OK  [0m] Listening on udev Kernel Socket.
[   37.969829] systemd[1]: Listening on LVM2 metadata daemon socket.
[[0;32m  OK  [0m] Listening on LVM2 metadata daemon socket.
[   38.033137] systemd[1]: Started Trigger resolvconf update for networkd DNS.
[[0;32m  OK  [0m] Started Trigger resolvconf update for networkd DNS.
[   38.171054] systemd[1]: Listening on LVM2 poll daemon socket.
[[0;32m  OK  [0m] Listening on LVM2 poll daemon socket.
[   38.248946] systemd[1]: Set up automount Arbitrary Executable File Formats File System Automount Point.
[[0;32m  OK  [0m] Set up automount Arbitrary Executab...ats File System Automount Point.
[   38.430475] systemd[1]: Created slice User and Session Slice.
[[0;32m  OK  [0m] Created slice User and Session Slice.
[   38.478664] systemd[1]: Listening on Journal Socket.
[[0;32m  OK  [0m] Listening on Journal Socket.
[   38.503392] systemd[1]: Reached target Swap.
[[0;32m  OK  [0m] Reached target Swap.
[   38.551961] systemd[1]: Reached target User and Group Name Lookups.
[[0;32m  OK  [0m] Reached target User and Group Name Lookups.
[   38.574713] systemd[1]: Created slice System Slice.
[[0;32m  OK  [0m] Created slice System Slice.
[   38.591522] systemd[1]: Mounting Debug File System...
         Mounting Debug File System...
[   38.659234] systemd[1]: Starting Load Kernel Modules...
[   38.683420] Loading iSCSI transport class v2.0-870.
         Starting Load Kernel Mo[   39.517805] iscsi: registered transport (tcp)
dules...
[   39.604668] iscsi: registered transport (iser)
[   39.655450] systemd[1]: Starting Create list of required static device nodes for the current kernel...
         Starting Create list of required st... nodes for the current kernel...
[   39.751474] systemd[1]: Starting Nameserver information manager...
         Starting Nameserver information manager...
[   39.803563] systemd[1]: Created slice system-serial\x2dgetty.slice.
[[0;32m  OK  [0m] Created slice system-serial\x2dgetty.slice.
[   39.889264] systemd[1]: Starting Uncomplicated firewall...
         Starting Uncomplicated firewall...
[   39.947198] systemd[1]: Starting Remount Root and Kernel File Systems...
[   39.952567] EXT4-fs (sda1): re-mounted. Opts: (null)
         Starting Remount Root and Kernel File Systems...
[   40.040974] systemd[1]: Starting Set console keymap...
         Starting Set console keymap...
[   40.122873] systemd[1]: Mounting POSIX Message Queue File System...
         Mounting POSIX Message Queue File System...
[   40.191003] systemd[1]: Mounting Huge Pages File System...
         Mounting Huge Pages File System...
[ 40546]sytemd[1]: Rchd targe Sce.
[[0;32m  OK  [0m] Reached target Slices.
[   40.727156] systemd[1]: Starting Monitoring of LVM2 mirrors, snapshots etc. using dmeventd or progress polling...
         Starting Monitoring of LVM2 mirrors... dmeventd or progress polling...
[   40.780907] systemd[1]: Listening on Journal Socket (/dev/log).
[[0;32m  OK  [0m] Listening on Journal Socket (/dev/log).
[   40.831396] systemd[1]: Starting Journal Service...
         Starting Journal Service...
[   40.871696] systemd[1]: Started Forward Password Requests to Wall Directory Watch.
[[0;32m  OK  [0m] Started Forward Password Requests to Wall Directory Watch.
[   40.881008] systemd[1]: Reached target Encrypted Volumes.
[[0;32m  OK  [0m] Reached target Encrypted Volumes.
[   40.919814] sytemd[1]: Mounted PSI MessageQue File Sst.
[[0;32m  OK  [0m] Mounted POSIX Message Queue File System.
[   41.261662] systemd[1]: Mounted Debug Fi Stem.
[[0;32m  OK  [0m] Mounted Debug File System.
[   41.442587] systemd[1]:Mounted Huge Pages File ystem

[[0;32m  OK  [0m] Mounted Huge Pages File System.
[  41.61294] systemd[1]: Started Journaleric
[[0;32m  OK  [0m] Started Journal Service.
[[0;32m  OK  [0m] Started Load Kernel Modules.
[[0;32m  OK  [0m] Started Create list of required sta...ce nodes for the current kernel.
[[0;32m  OK  [0m] Started Uncomplicated firewall.
[[0;32m  OK  [0m] Started Remount Root and Kernel File Systems.
[[0;32m  OK  [0m] Started Set console keymap.
[[0;32m  OK  [0m] Started Nameserver information manager.
[[0;32m  OK  [0m] Started LVM2 metadata daemon.
         Starting Initial cloud-init job (pre-networking)...
         Starting udev Coldplug all Devices...
         Starting Load/Save Random Seed...
         Starting Create Static Device Nodes in /dev...
         Mounting FUSE Control File System...
         Starting Apply Kernel Variables...
         Starting Flush Journal to Persistent Storage...
[[0;32m  OK  [0m] Mounted FUSE Control File System.
[[0;32m  OK  [0m] Started Monitoring of LVM2 mirrors,...ng dmeventd or progress polling.
[[0;32m  OK  [0m] Started Load/Save Random Seed.
[[0;32m  OK  [0m] Started Create Static Device Nodes in /dev.
[[0;32m  OK  [0m] Started Apply Kernel Variables.
[[0;32m  OK  [0m] Started udev Coldplug all Devices.
[[0;32m  OK  [0m] Started Flush Journal to Persistent Storage.
         Starting udev Kernel Device Manager...
[[0;32m  OK  [0m] Started udev Kernel Device Manager.
[[0;32m  OK  [0m] Reached target Local File Systems (Pre).
[[0;32m  OK  [0m] Reached target Local File Systems.
         Starting LSB: AppArmor initialization...
         Starting Set console font and keymap...
         Starting Enable support for additional executable binary formats...
         Starting Create Volatile Files and Directories...
         Starting Tell Plymouth To Write Out Runtime Data...
[[0;32m  OK  [0m] Started Dispatch Password Requests to Console Directory Watch.
[[0;32m  OK  [0m] Started Create Volatile Files and Directories.
[[0;32m  OK  [0m] Started Tell Plymouth To Write Out Runtime Data.
[[0;32m  OK  [0m] Found device /dev/ttyS0.
         Mounting Arbitrary Executable File Formats File System...
         Starting Update UTMP about System Boot/Shutdown...
[[0;32m  OK  [0m] Reached target System Time Synchronized.
[[0;32m  OK  [0m] Mounted Arbitrary Executable File Formats File System.
[   32.823283] cloud-init[454]: Cloud-init v. 0.7.9 running 'init-local' at Mon, 17 Jul 2017 01:20:08 +0000. Up 32.31 seconds.
[[0;32m  OK  [0m] Started LSB: AppArmor initialization.
[[0;32m  OK  [0m] Started Set console font and keymap.
[[0;32m  OK  [0m] Started Initial cloud-init job (pre-networking).
[[0;32m  OK  [0m] Started Enable support for additional executable binary formats.
[[0;32m  OK  [0m] Started Update UTMP about System Boot/Shutdown.
[[0;32m  OK  [0m] Listening on Load/Save RF Kill Switch Status /dev/rfkill Watch.
[[0;32m  OK  [0m] Reached target Network (Pre).
[[0;32m  OK  [0m] Started ifup for enp0s3.
[[0;32m  OK  [0m] Created slice system-getty.slice.
         Starting Raise network interfaces...
[[0;32m  OK  [0m] Started Raise network interfaces.
[[0;32m  OK  [0m] Reached target Network.
         Starting Initial cloud-init job (metadata service crawler)...
[   35.735926] cloud-init[976]: Cloud-init v. 0.7.9 running 'init' at Mon, 17 Jul 2017 01:20:11 +0000. Up 35.40 seconds.
[   35.805080] cloud-init[976]: ci-info: +++++++++++++++++++++++++++++++++++++Net device info++++++++++++++++++++++++++++++++++++++
[   35.872714] cloud-init[976]: ci-info: +--------+------+----------------------------+---------------+-------+-------------------+
[   35.873196] cloud-init[976]: ci-info: | Device |  Up  |          Address           |      Mask     | Scope |     Hw-Address    |
[   35.873414] cloud-init[976]: ci-info: +--------+------+----------------------------+---------------+-------+-------------------+
[[0;32m  OK  [0m] Started Initial cloud-init job (metadata service crawler).
[   35.873594] cloud-init[976]: ci-info: | enp0s3 | True |         10.0.2.15          | 255.255.255.0 |   .   | 02:fb:34:e1:96:ef |
[   36.260973] cloud-init[976]: ci-info: | enp0s3 | True | fe80::fb:34ff:fee1:96ef/64 |       .       |  link | 02:fb:34:e1:96:ef |
[   36.261429] cloud-init[976]: ci-info: |   lo   | True |         127.0.0.1          |   255.0.0.0   |   .   |         .         |
[[0;32m  OK  [0m] Reached target Cloud-config availability.
[[   36.261607] cloud-init[976]: ci-info: |   lo   | True |          ::1/128           |       .       |  host |         .         |
[   36.386828] cloud-init[976]: ci-info: +--------+------+----------------------------+---------------+-------+-------------------+
[   36.386992] [0;32m  OK  [0mcloud-init] [976]: Reached target System Initialization.ci-info: +++++++++++++++++++++++++++Route IPv4 info++++++++++++++++++++++++++++

[   36.824599] cloud-init[976]: ci-info: +-------+-------------+----------+---------------+-----------+-------+
[   36.825172] cloud-init[976]: ci-info: | Route | Destination | Gateway  |    Genmask    | Interface | Flags |
         Starting LXD - unix socket.
[[   36.825367] cloud-init[976]: ci-info: +-------+-------------+----------+---------------+-----------+-------+
[   36.982464] cloud-init[976]: ci-info: |   0   |   0.0.0.0   | 10.0.2.2 |    0.0.0.0    |   enp0s3  |   UG  |
[   36.982612] cloud-init[976]: ci-info: |   1   |   10.0.2.0  | 0.0.0.0  | 255.255.255.0 |   enp0s3  |   U   |
[   36.982811] cloud-init[976]: ci-info: +-------+-------------+----------+---------------+-----------+-------+
[0;32m  OK  [0m] Listening on D-Bus System Message Bus Socket.
[[0;32m  OK  [0m] Started Daily apt activities.
[[0;32m  OK  [0m] Listening on ACPID Listen Socket.
[[0;32m  OK  [0m] Listening on RPCbind Server Activation Socket.
[[0;32m  OK  [0m] Started Timer to automatically refresh installed snaps.
[[0;32m  OK  [0m] Started Daily Cleanup of Temporary Directories.
[[0;32m  OK  [0m] Reached target Timers.
[[0;32m  OK  [0m] Started ACPI Events Check.
[[0;32m  OK  [0m] Reached target Paths.
[[0;32m  OK  [0m] Listening on UUID daemon activation socket.
         Starting Socket activation for snappy daemon.
[[0;32m  OK  [0m] Reached target Network is Online.
         Starting iSCSI initiator daemon (iscsid)...
[[0;32m  OK  [0m] Listening on LXD - unix socket.
[[0;32m  OK  [0m] Listening on Socket activation for snappy daemon.
[[0;32m  OK  [0m] Started iSCSI initiator daemon (iscsid).
         Starting Login to default iSCSI targets...
[[0;32m  OK  [0m] Reached target Sockets.
[[0;32m  OK  [0m] Reached target Basic System.
         Starting System Logging Service...
[[0;32m  OK  [0m] Started D-Bus System Message Bus.
         Starting /etc/rc.local Compatibility...
[[0;32m  OK  [0m] Started Regular background program processing daemon.
[[0;32m  OK  [0m] Started Deferred execution scheduler.
         Starting LSB: MD monitoring daemon...
[[0;32m  OK  [0m] Started Unattended Upgrades Shutdown.
         Starting Daily apt activities...
         Starting LSB: Record successful boot for GRUB...
         Starting Apply the settings specified in cloud-config...
         Starting Accounts Service...
         Starting OpenBSD Secure Shell server...
[[0;32m  OK  [0m] Started Snappy daemon.
         Starting Login Service...
[[0;32m  OK  [0m] Started ACPI event daemon.
         Starting LXD - container startup/shutdown...
[[0;32m  OK  [0m] Started FUSE filesystem for LXC.
         Starting Auto import assertions from block devices...
[[0;32m  OK  [0m] Started System Logging Service.
[[0;32m  OK  [0m] Started OpenBSD Secure Shell server.
[[0;32m  OK  [0m] Started /etc/rc.local Compatibility.
[[0;32m  OK  [0m] Started Auto import assertions from block devices.
[[0;32m  OK  [0m] Started Login to default iSCSI targets.
[[0;32m  OK  [0m] Started LSB: MD monitoring daemon.
[[0;32m  OK  [0m] Started LXD - container startup/shutdown.
[[0;32m  OK  [0m] Started LSB: Record successful boot for GRUB.
         Starting Authenticate and Authorize Users to Run Privileged Tasks...
[[0;32m  OK  [0m] Reached target Remote File Systems (Pre).
[[0;32m  OK  [0m] Reached target Remote File Systems.
         Starting LSB: Set the CPU Frequency Scaling governor to "ondemand"...
         Starting LSB: daemon to balance interrupts for SMP systems...
         Starting LSB: VirtualBox Linux Additions...
         Starting LSB: automatic crash report generation...
         Starting Permit User Sessions...
[[0;32m  OK  [0m] Started Permit User Sessions.
[[0;32m  OK  [0m] Started Login Service.
[[0;32m  OK  [0m] Started Authenticate and Authorize Users to Run Privileged Tasks.
[[0;32m  OK  [0m] Started Accounts Service.
         Starting Hold until boot process finishes up...
         Starting Terminate Plymouth Boot Screen...
[[0;32m  OK  [0m] Started LSB: Set the CPU Frequency Scaling governor to "ondemand".
[[0;32m  OK  [0m] Started LSB: daemon to balance interrupts for SMP systems.
[[0;32m  OK  [0m] Started LSB: automatic crash report generation.
[[0;32m  OK  [0m] Started Hold until boot process finishes up.
[[0;32m  OK  [0m] Started Terminate Plymouth Boot Screen.
[[0;32m  OK  [0m] Created slice User Slice of ubuntu.
[[0;32m  OK  [0m] Started Session 1 of user ubuntu.
         Starting User Manager for UID 1000...
[[0;32m  OK  [0m] Started Serial Getty on ttyS0.
[[0;32m  OK  [0m] Started Getty on tty1.
[[0;32m  OK  [0m] Reached target Login Prompts.
[   40.407398] cloud-init[1065]: Cloud-init v. 0.7.9 running 'modules:config' at Mon, 17 Jul 2017 01:20:16 +0000. Up 40.26 seconds.
         Starting Set console scheme...
[[0;32m  OK  [0m] Started User Manager for UID 1000.
[[0;32m  OK  [0m] Started Apply the settings specified in cloud-config.
[[0;32m  OK  [0m] Started LSB: VirtualBox Linux Additions.
[[0;32m  OK  [0m] Started Set console scheme.
[[0;32m  OK  [0m] Reached target Multi-User System.
[[0;32m  OK  [0m] Reached target Graphical Interface.
         Starting Update UTMP about System Runlevel Changes...
         Starting Execute cloud user/final scripts...
[[0;32m  OK  [0m] Started Update UTMP about System Runlevel Changes.
[   42.326149] cloud-init[1349]: Cloud-init v. 0.7.9 running 'modules:final' at Mon, 17 Jul 2017 01:20:18 +0000. Up 42.07 seconds.
[   42.377109] cloud-init[1349]: Cloud-init v. 0.7.9 finished at Mon, 17 Jul 2017 01:20:18 +0000. Datasource DataSourceNoCloud [seed=/dev/sdb][dsmode=net].  Up 42.29 seconds
[[0;32m  OK  [0m] Started Execute cloud user/final scripts.
[[0;32m  OK  [0m] Reached target Cloud-init target.
         Stopping User Manager for UID 1000...
[[0;32m  OK  [0m] Stopped User Manager for UID 1000.
[[0;32m  OK  [0m] Removed slice User Slice of ubuntu.

Ubuntu 16.04.2 LTS ubuntu-xenial ttyS0

ubuntu-xenial login: 