[    0.000000] Initializing cgroup subsys cpuset
[    0.000000] nializngcgup subsycp
[    .000000] Initializing cgroup subsys cpuacct
[    0.000000] Linux version 4.4.0-78-geeric(bld@lgw1-1) (ccvesion 5.4 20160609 (Ubuntu 5.40-6ubntu16.04.4) ) #9-Uunu MPhuApr 2 12909 U 217 (Unt 4.40-.9-generic 4.4.62)
[    0.000000] Command line: BOOIMGE/botvminuz4..078-enicrootLABEL=cloimg-rootfs ro console=tty1 console=ttyS0
[    0.000000] KERNEL supported cpus:
[    0.000000]   Intel GenuineIntel
[    0.000000]   AMD AuthenticAMD
[    0.000000]   Centaur CentaurHauls
[   0.000000]x86/fu:stte_offse2]  576, xsatsize[2: 25
[   0.000000] x86/fpu: Supporting XSAVE feature 0x01: 'x87 floating point registers'
[    0.000000] x86/fpu: Supporting XSAVE feature 0x02: 'SSE registers'
[    0.000] x86/fpu: Supporting XAVE feature 0x04: 'AVX registers'
[    0.000000] x86/fpu: Enabled xstate features 0x7,ontex sze is 832 bytes, using 'sanrd' format.
[    0.000000] x86/fpu: Using 'lazy' FPU cotet wiches
   0.0000 e20: BS-rode pysical RA m:
[  000000BIS-82 [em0x00000000000000x0000009fffusle
[  000000 BS-e820: [mem 0x0000000000009fc00-0x000000000009ffff] reserved
[    0.000000] BIOS-e820: [mem 0x00000000000f0000-0x0000000000fff rerv
[   000000] BIOS-e820: [me 000000000100000-0x000000003ffeffff] usable
[    0.000000] BIOS-e820: [mem 0x000000003fff0000-0x000000003fffffff] ACPI data
[    0.000000] BIOS-e820: [mem 0x00000000fffc000-0000000fffffff] reserved
[    0.000]NX (Exeut Dsable) protection: active
[    0.000000] SMBIOS 2.5 present.
[    0.000000] Hypervisor detected: KVM
[    0.00000] e820: lstpfn = 0x3fff0 max_arc_p = 0x400000000
[    0.000000] MTRR: Disabled
[    0.000000] x86/PAT: MTRRs sale, iping PAT initalization too.
[    0.00000] x86/PAT Cnfguration [-7 WB  WT C-UC  WB  WT  UC- UC  
[    0.000000] CPU MTRRs all blank - virtuized system.
[    0.00000] found SMP MP-table at [mem 0x0009fff0-0x0009ffff] mapped at [ffff88000009fff0]
[    0.000000] Scanning 1 areas for low memory corruption
[    0.000000] RAMDDISK: [mem 0x36ac4000-0x37559fff]
[    0.000000] ACPI: Early table checksum verification disaed
[    0.000000] ACPI: RSDP 0x0000000E00000024 (v02 BO )
   00000 API:XS 0000000003FF03 00003C (v VBOX   VBOXXSDT 00000001ASL 000061)[    00000] ACPI: FACP 0x000003FFFF0 0000F4 (v04 VBOX   VBOXFACP 00000001 ASL  00000061)
[    0.000000] ACPI: DSDT 0x000000003FFF0470 002118 (v01 VBOX   VBOXBIOS 0000002 INTL 20028
[   000000 AI: FA 0000003FF0200040
  0.000000] ACPI: FACS 0x0000003F020 0040
[    0.000000] ACPI: PIC 000000003FF0400005 (2 BOX  BOPIC 00000 AL  00061)
  0.0000] ACPI: SSDT 0x000000003FFA0 0001CC (v01 VBOX   VBOXCPUT 00000002 INTL 20100528)
[    0.000000] No NUMA confuration found
[    0.000000] Fakina no a [mem 000000000000000-0x000000003ffefff
   0.000000] NODE_DAATA(0 aloated [me 0ffeb000-x3efff
  0.0000] vm-lo: Using mrsb54dd01 and 4b564d00
[    0.000000] kvm-clock: cpu 0, msr 0:3fe00, priryppu clck
[   0.000000] k-cck: usig hed oseof 36763985 ccles
   00000 ccksouce: kvm-clock: mask: 0xffffffffffffffff max_cycles: 0x1cd42e4dffb, max_idle_ns: 88159059148 n
[    0.000000] Zone ranes:
[   0.000000]   DMA      [mem 0x0000000000001000-0x0000000000ffffff]
[    0.000000]   DMA32   [mm 0x0000000001000000-0x000000003ffeffff]
[    0.000000]   Normal   empty
[    0.00000]   Device   empty
[    0.000000] Movable zone start for each nod
[   0.000000] Early emry nod ranges
[    0.000000]   od   0: [mem 0x000000001000x00000009eff]
[    0.000000]   node   0: [mem 0x0000000010000-0x000000003ffeffff]
[    00000] Initmem setup node 0 [mem 0x0000000000001000-0x000000003ffeffff]
[    0.000000] ACPI: PM-Timer IO Port: 0x4008
[    0.000000] IOAPIC0] aic_id 2,erion 17, address 0xfec000 GI 0-23
[    0.000000] CP: NT_RC_OVR (bus 0 bus_irrq 0 global_irq 2 dfl dfl)
[    0.000000] ACPI: INT_SRC_OVR us0 bus_irq gobl_irq 9 high level)
[    0.000000] Using ACPI (MADT) for SMP configurati iformation[    000000] smpboot: Allowing 2 CPUs, 0 hotplug CPUs
[    0.00000] PM: Registerd saveemry:[memx000000-0x00000fff]
[   0.0000] PM: Registered nosave memory: [mem 0x0009f000-0x0009ffff]
[    0.000000] PM: Registered nosave memory: [mm 0000a0000-0x000effff]    00000] PM: Registered nosave memory: [mem 0x000f0000-0x000fffff][    0.000000] e820: [mem 0x40000000-0xfffbffff] available for PCI devices
[    0.000000] Booting paravirtualized kernel on KVM
[    0.000000] clocksource: rfiedjiffies: mas 0xffffffff max_cycles: 0xffffffff, max_idle_ns: 745519602158 ns
  0.00000 setup_percpu: NR_CPUS:12nr_umsk_bis:2 r_c_is:2 nr_node_ids:1
[    0.0000] PERCPU: Embedded 33 pages/cpu @fff88003c000 s98264r82 28712 u0457
  0.000000] P qpiock hash table enri: 25 (rder: 0, 4096 bytes)
[    0.000000] Built 1 zonelists in Node order, mobility grouping on.  Total pages: 257913
[    0.000000] Policy zone: DMA32
[    0.000000] Kernel command line: BOOT_IMAGE=/boot/vmlinuz-4.4.0-78-generic root=LABEL=cloudimg-rootfs ro console=tty1 console=ttyS0
[    0.00000] PIhash table entries: 4096 (order: 3, 32768 bytes)
[    0.000000] Memor: 00740K/1048120K available (8469K kernel code, 1294K rwdata, 3984K rodata, 1484K init, 1316K bss, 46380K reserved, 0K cma-reserved)
[    0.000000] SLUB: HWalign=64, Order=0-3, MinObjects=0, CPUs=2, Nodes=1
[    0.000000] Hierarchical RCU implementation.
[    0.000000] 	Buid-im adjument of eaf fanout to 64.
[    0.000000] 	RCU restricting CPUs from NR_CPUS=512 to nr_cp_ids=2.
[   000000] RCU: Adjusting geometry for rcu_fanout_leaf=64, nr_cpu_ids=2
[    0.000000] NR_IRQS:33024 nr_irqs:440 16
[    0.000000] Console: colour VGA+ 0x25
[    0.000000] console [tty1] enabled
[    0000000] console [ttyS0] enabled
[   0.000000] tsc: Detected 2699.998 MHz processor
[    9.507669] Calibrating delay loop (skipped) preset value.. 5399.99 BogoMIPS (lpj=10799992)
[    9.529385] pid_max: default: 32768 minimum: 301
[    9.541235] ACPI: Core revision 20150930
[    9.566338] ACPI: 2 ACPI AML tables successfully acquired and loaded
[    9.636125] Security Framework initialized
[    9.681501] Yama: becoming mindful.
[    9.753763] AppArmor: AppArmor initialized
[    9.814607] Dentry cache hash table entries: 131072 (order: 8, 1048576 bytes)
[    9.904456] Inode-cache hash table entries: 65536 (order: 7, 524288 bytes)
[    9.977452] Mount-cache hash table entries: 2048 (order: 2, 16384 bytes)
[   10.061497] Mountpoint-cache hash table entries: 2048 (order: 2, 16384 bytes)
[   10.080477] Initializing cgroup subsys io
[   10.099708] Initializing cgroup subsys memory
[   10.107354] Initializing cgroup subsys devices
[   10.117768] Initializing cgroup subsys freezer
[   10.146967] Initializing cgroup subsys net_cls
[   10.149151] Initializing cgroup subsys perf_event
[   10.157863] Initializing cgroup subsys net_prio
[   10.158940] Initializing cgroup subsys hugetlb
[   10.160027] Initializing cgroup subsys pids
[   10.180159] CPU: Physical Processor ID: 0
[   10.195953] CPU: Processor Core ID: 0
[   10.199628] mce: CPU supports 0 MCE banks
[   10.226624] Last level iTLB entries: 4KB 64, 2MB 8, 4MB 8
[   10.242203] Last level dTLB entries: 4KB 64, 2MB 0, 4MB 0, 1GB 4
[   10.252541] Freeing SMP alternatives memory: 32K (ffffffff820b8000 - ffffffff820c0000)
[   10.280792] ftrace: allocating 32120 entries in 126 pages
[   10.349942] smpboot: APIC(0) Converting physical 0 to logical package 0
[   10.359998] smpboot: Max logical packages: 1
[   10.362953] ..TIMER: vector=0x30 apic1=0 pin1=2 apic2=-1 pin2=-1
[   10.477672] smpboot: CPU0: Intel(R) Core(TM) i5-5257U CPU @ 2.70GHz (family: 0x6, model: 0x3d, stepping: 0x4)
[   10.497601] Performance Events: unsupported p6 CPU model 61 no PMU driver, software events only.
[   10.559801] KVM setup paravirtual spinlock
[   10.562557] x86: Booting SMP configuration:
[   10.563649] .... node  #0, CPUs:      #1
[   10.571790] kvm-clock: cpu 1, msr 0:3ffe3041, secondary cpu clock
[   10.595837] mce: CPU supports 0 MCE banks
[   10.608738] x86: Booted up 1 node, 2 CPUs
[   10.615568] smpboot: Total of 2 processors activated (10799.99 BogoMIPS)
[   10.634016] devtmpfs: initialized
[   10.649091] evm: security.selinux
[   10.664175] evm: security.SMACK64
[   10.696273] evm: security.SMACK64EXEC
[   10.697192] evm: security.SMACK64TRANSMUTE
[   10.701100] evm: security.SMACK64MMAP
[   10.703423] evm: security.ima
[   10.722822] evm: security.capability
[   10.726958] clocksource: jiffies: mask: 0xffffffff max_cycles: 0xffffffff, max_idle_ns: 7645041785100000 ns
[   10.746058] futex hash table entries: 512 (order: 3, 32768 bytes)
[   10.759275] pinctrl core: initialized pinctrl subsystem
[   10.783606] RTC time:  0:25:04, date: 06/08/17
[   10.814898] NET: Registered protocol family 16
[   10.869885] cpuidle: using governor ladder
[   10.921794] cpuidle: using governor menu
[   10.995366] PCCT header not found.
[   11.013358] ACPI: bus type PCI registered
[   11.014360] acpiphp: ACPI Hot Plug PCI Controller Driver version: 0.5
[   11.030243] PCI: Using configuration type 1 for base access
[   11.089287] ACPI: Added _OSI(Module Device)
[   11.130109] ACPI: Added _OSI(Processor Device)
[   11.180149] ACPI: Added _OSI(3.0 _SCP Extensions)
[   11.203224] ACPI: Added _OSI(Processor Aggregator Device)
[   11.205192] ACPI: Executed 1 blocks of module-level executable AML code
[   11.229030] ACPI: Interpreter enabled
[   11.249158] ACPI: (supports S0 S5)
[   11.293346] ACPI: Using IOAPIC for interrupt routing
[   11.313890] PCI: Using host bridge windows from ACPI; if necessary, use "pci=nocrs" and report a bug
[   11.339183] ACPI: PCI Root Bridge [PCI0] (domain 0000 [bus 00-ff])
[   11.371915] acpi PNP0A03:00: _OSC: OS supports [ASPM ClockPM Segments MSI]
[   11.382996] acpi PNP0A03:00: _OSC failed (AE_NOT_FOUND); disabling ASPM
[   11.398475] acpi PNP0A03:00: fail to add MMCONFIG information, can't access extended PCI configuration space under this bridge.
[   11.406373] PCI host bridge to bus 0000:00
[   11.415217] pci_bus 0000:00: root bus resource [io  0x0000-0x0cf7 window]
[   11.444825] pci_bus 0000:00: root bus resource [io  0x0d00-0xffff window]
[   11.466321] pci_bus 0000:00: root bus resource [mem 0x000a0000-0x000bffff window]
[   11.493992] pci_bus 0000:00: root bus resource [mem 0x40000000-0xffdfffff window]
[   11.506101] pci_bus 0000:00: root bus resource [bus 00-ff]
[   11.537843] pci 0000:00:01.1: legacy IDE quirk: reg 0x10: [io  0x01f0-0x01f7]
[   11.539627] pci 0000:00:01.1: legacy IDE quirk: reg 0x14: [io  0x03f6]
[   11.542452] pci 0000:00:01.1: legacy IDE quirk: reg 0x18: [io  0x0170-0x0177]
[   11.544062] pci 0000:00:01.1: legacy IDE quirk: reg 0x1c: [io  0x0376]
[   11.633030] ACPI: PCI Interrupt Link [LNKA] (IRQs 5 9 10 11) *0, disabled.
[   11.712968] ACPI: PCI Interrupt Link [LNKB] (IRQs 5 9 10 *11)
[   11.763408] ACPI: PCI Interrupt Link [LNKC] (IRQs 5 9 *10 11)
[   11.783815] ACPI: PCI Interrupt Link [LNKD] (IRQs 5 *9 10 11)
[   11.824867] ACPI: Enabled 2 GPEs in block 00 to 07
[   11.834591] vgaarb: setting as boot device: PCI:0000:00:02.0
[   11.837069] vgaarb: device added: PCI:0000:00:02.0,decodes=io+mem,owns=io+mem,locks=none
[   11.855571] vgaarb: loaded
[   11.861301] vgaarb: bridge control possible 0000:00:02.0
[   11.864084] SCSI subsystem initialized
[   11.875077] ACPI: bus type USB registered
[   11.885153] usbcore: registered new interface driver usbfs
[   11.908975] usbcore: registered new interface driver hub
[   11.911511] usbcore: registered new device driver usb
[   11.914376] PCI: Using ACPI for IRQ routing
[   11.970947] NetLabel: Initializing
[   11.984508] NetLabel:  domain hash size = 128
[   12.007188] NetLabel:  protocols = UNLABELED CIPSOv4
[   12.019959] NetLabel:  unlabeled traffic allowed by default
[   12.030511] amd_nb: Cannot enumerate AMD northbridges
[   12.032263] clocksource: Switched to clocksource kvm-clock
[   2.4114] AppArmor: ppArmo Fesystem Enabled
[ 12151]npPn AI ni
  12861]npPnP ACPI: foud 3 devies

[   13.126770] clocksource: acpi_pm: mask: 0xffffff max_cycles: 0xffffff, max_idle_ns: 2085701024 ns
[   13.178254] NET: Registered protocol family 2
[   13.248983] TCP established hash table entries: 8192 (order: 4, 65536 bytes)
[   13.294265] TCP bind hash table entries: 8192 (order: 5, 131072 bytes)
[   13.352412] TCP: Hash tables configured (established 8192 bind 8192)
[   13.430136] UDP hash table entries: 512 (order: 2, 16384 bytes)
[   13.447505] UDP-Lite hash table entries: 512 (order: 2, 16384 bytes)
[   13.460361] NET: Registered protocol family 1
[   13.535782] pci 0000:00:00.0: Limiting direct PCI/PCI transfers
[   13.585656] pci 0000:00:01.0: Activating ISA DMA hang workarounds
[   13.619455] Unpacking initramfs...
[   15.749724] Freeing initrd memory: 10840K (ffff880036ac4000 - ffff88003755a000)
[   15.854718] RAPL PMU detected, API unit is 2^-32 Joules, 4 fixed counters 10737418240 ms ovfl timer
[   15.885546] hw unit of domain pp0-core 2^-0 Joules
[   15.900893] hw unit of domain package 2^-0 Joules
[   15.901998] hw unit of domain dram 2^-0 Joules
[   15.903047] hw unit of domain pp1-gpu 2^-0 Joules
[   15.904303] platform rtc_cmos: registered platform RTC device (no PNP device found)
[   15.906202] Scanning for low memory corruption every 60 seconds
[   15.908041] audit: initializing netlink subsys (disabled)
[   15.929920] audit: type=2000 audit(1496881503.543:1): initialized
[   15.945802] Initialise system trusted keyring
[   15.970067] HugeTLB registered 2 MB page size, pre-allocated 0 pages
[   15.980257] zbud: loaded
[   15.983323] VFS: Disk quotas dquot_6.6.0
[   16.003504] VFS: Dquot-cache hash table entries: 512 (order 0, 4096 bytes)
[   16.006452] squashfs: version 4.0 (2009/01/31) Phillip Lougher
[   16.008228] fuse init (API version 7.23)
[   16.029178] Key type big_key registered
[   16.066994] Allocating IMA MOK and blacklist keyrings.
[   16.108875] Key type asymmetric registered
[   16.143504] Asymmetric key parser 'x509' registered
[   16.152535] Block layer SCSI generic (bsg) driver version 0.4 loaded (major 249)
[   16.155945] io scheduler noop registered
[   16.161496] io scheduler deadline registered (default)
[   16.162810] io scheduler cfq registered
[   16.164216] pci_hotplug: PCI Hot Plug PCI Core version: 0.5
[   16.169455] pciehp: PCI Express Hot Plug Controller Driver version: 0.4
[   16.171652] ACPI: AC Adapter [AC] (on-line)
[   16.175099] input: Power Button as /devices/LNXSYSTM:00/LNXPWRBN:00/input/input0
[   16.209040] ACPI: Power Button [PWRF]
[   16.211482] input: Sleep Button as /devices/LNXSYSTM:00/LNXSLPBN:00/input/input1
[   16.226250] ACPI: Sleep Button [SLPF]
[   16.233451] GHES: HEST is not enabled!
[   16.234506] ACPI: Battery Slot [BAT0] (battery present)
[   16.255475] Serial: 8250/16550 driver, 32 ports, IRQ sharing enabled
ÿ[   16.286867] 00:02: ttyS0 at I/O 0x3f8 (irq = 4, base_baud = 115200) is a 16550A
[   16.292778] Linux agpgart interface v0.103
[   16.310186] loop: module loaded
[   16.328835] scsi host0: ata_piix
[   16.339170] scsi host1: ata_piix
[   16.361045] ata1: PATA max UDMA/33 cmd 0x1f0 ctl 0x3f6 bmdma 0xd000 irq 14
[   16.373052] ata2: PATA max UDMA/33 cmd 0x170 ctl 0x376 bmdma 0xd008 irq 15
[   16.397779] libphy: Fixed MDIO Bus: probed
[   16.424740] tun: Universal TUN/TAP device driver, 1.6
[   16.425949] tun: (C) 1999-2004 Max Krasnyansky <maxk@qualcomm.com>
[   16.427362] PPP generic driver version 2.4.2
[   16.433063] ehci_hcd: USB 2.0 'Enhanced' Host Controller (EHCI) Driver
[   16.436450] ehci-pci: EHCI PCI platform driver
[   16.438909] ehci-platform: EHCI generic platform driver
[   16.440274] ohci_hcd: USB 1.1 'Open' Host Controller (OHCI) Driver
[   16.446285] ohci-pci: OHCI PCI platform driver
[   16.455525] ohci-platform: OHCI generic platform driver
[   16.484806] uhci_hcd: USB Universal Host Controller Interface driver
[   16.490123] i8042: PNP: PS/2 Controller [PNP0303:PS2K,PNP0f03:PS2M] at 0x60,0x64 irq 1,12
[   16.492621] serio: i8042 KBD port at 0x60,0x64 irq 1
[   16.507713] serio: i8042 AUX port at 0x60,0x64 irq 12
[   16.538121] mousedev: PS/2 mouse device common for all mice
[   16.562335] rtc_cmos rtc_cmos: rtc core: registered rtc_cmos as rtc0
[   16.621369] input: AT Translated Set 2 keyboard as /devices/platform/i8042/serio0/input/input2
[   16.666513] rtc_cmos rtc_cmos: alarms up to one day, 114 bytes nvram
[   16.704238] i2c /dev entries driver
[   16.705522] device-mapper: uevent: version 1.0.3
[   16.7335] vie-mapper: ioctl: 4.34.0-ioctl (201510-28)inialised: dm-devel@redhat.com
[   .9049] tsc: Refined TSC clksource calibration: 2699.758 MHz
[   16.902052] clocksource: tsc: mask: 0xffffffffffffffff max_cycles: 0x26ea59b96a5, max_idle_ns: 440795275363 ns
[   17.181148] ledtrig-cpu: registered to indicate activity on CPUs
[   17.189083] NET: Registered protocol family 10
[   17.229695] NET: Registered protocol family 17
[   17.254770] Key type dns_resolver registered
[   17.262054] microcode: CPU0 sig=0x306d4, pf=0x40, revision=0x0
[   17.263549] microcode: CPU1 sig=0x306d4, pf=0x40, revision=0x0
[   17.289766] microcode: Microcode Update Driver: v2.01 <tigran@aivazian.fsnet.co.uk>, Peter Oruba
[   17.304832] registered taskstats version 1
[   17.321203] Loading compiled-in X.509 certificates
[   17.322944] Loaded X.509 cert 'Build time autogenerated kernel key: 779fd75203f0d36b99b83c7328fac831ec7adf9e'
[   17.343505] zswap: loaded using pool lzo/zbud
[   17.363103] Key type trusted registered
[   17.377684] Key type encrypted registered
[   17.390136] AppArmor: AppArmor sha1 policy hashing enabled
[   17.479094] ima: No TPM chip found, activating TPM-bypass!
[   17.481673] evm: HMAC attrs: 0x1
[   17.483620]   Magic number: 5:969:404
[   17.506227] rtc_cmos rtc_cmos: setting system clock to 2017-06-08 00:25:11 UTC (1496881511)
[   17.508492] BIOS EDD facility v0.16 2004-Jun-25, 0 devices found
[   17.543565] EDD information not available.
[   17.546464] Freeing unused kernel memory: 1484K (ffffffff81f45000 - ffffffff820b8000)
[   17.554188] Write protecting the kernel read-only data: 14336k
[   17.558507] Freeing unused kernel memory: 1760K (ffff880001848000 - ffff880001a00000)
[   17.607195] Freeing unused kernel memory: 112K (ffff880001de4000 - ffff880001e00000)
Loading, please [   17.670794] random: systemd-udevd: uninitialized urandom read (16 bytes read, 7 bits of entropy available)
wait...
starting version 229
[   17.671355] random: udevadm: uninitialized urandom read (16 bytes read, 7 bits of entropy available)
[   17.671386] random: udevadm: uninitialized urandom read (16 bytes read, 7 bits of entropy available)
[   17.671482] random: udevadm: uninitialized urandom read (16 bytes read, 7 bits of entropy available)
[   17.671516] random: udevadm: uninitialized urandom read (16 bytes read, 7 bits of entropy available)
[   17.671548] random: udevadm: uninitialized urandom read (16 bytes read, 7 bits of entropy available)
[   17.671583] random: udevadm: uninitialized urandom read (16 bytes read, 7 bits of entropy available)
[   17.671614] random: udevadm: uninitialized urandom read (16 bytes read, 7 bits of entropy available)
[   17.671654] random: udevadm: uninitialized urandom read (16 bytes read, 7 bits of entropy available)
[   17.671687] random: udevadm: uninitialized urandom read (16 bytes read, 7 bits of entropy available)
[   18.002305] e1000: Intel(R) PRO/1000 Network Driver - version 7.3.21-k8-NAPI
[   18.010756] e1000: Copyright (c) 1999-2006 Intel Corporation.
[   18.021647] Fusion MPT base driver 3.04.20
[   18.065340] Copyright (c) 1999-2008 LSI Corporation
[   18.086685] Fusion MPT SPI Host driver 3.04.20
[   18.120662] AVX version of gcm_enc/dec engaged.
[   18.130569] AES CTR mode by8 optimization enabled
[   18.285850] input: ImExPS/2 Generic Explorer Mouse as /devices/platform/i8042/serio1/input/input4
[   18.510205] e1000 0000:00:03.0 eth0: (PCI:33MHz:32-bit) 02:fb:34:e1:96:ef
[   18.517500] e1000 0000:00:03.0 eth0: Intel(R) PRO/1000 Network Connection
[   18.519946] mptbase: ioc0: Initiating bringup
[   18.551804] e1000 0000:00:03.0 enp0s3: renamed from eth0
[   18.621032] ioc0: LSI53C1030 A0: Capabilities={Initiator}
[   18.827061] scsi host2: ioc0: LSI53C1030 A0, FwRev=00000000h, Ports=1, MaxQ=256, IRQ=20
[   18.969730] scsi 2:0:0:0: Direct-Access     VBOX     HARDDISK         1.0  PQ: 0 ANSI: 5
[   19.001359] scsi target2:0:0: Beginning Domain Validation
[   19.058699] scsi target2:0:0: Domain Validation skipping write tests
[   19.069358] scsi target2:0:0: Ending Domain Validation
[   19.070616] scsi target2:0:0: asynchronous
[   19.072253] scsi 2:0:1:0: Direct-Access     VBOX     HARDDISK         1.0  PQ: 0 ANSI: 5
[   19.074341] scsi target2:0:1: Beginning Domain Validation
[   19.150331] scsi target2:0:1: Domain Validation skipping write tests
[   19.157819] scsi target2:0:1: Ending Domain Validation
[   19.177362] scsi target2:0:1: asynchronous
[   19.836067] sd 2:0:0:0: Attached scsi generic sg0 type 0
[   19.838552] sd 2:0:0:0: [sda] 20971520 512-byte logical blocks: (10.7 GB/10.0 GiB)
[   19.840725] sd 2:0:1:0: Attached scsi generic sg1 type 0
[   19.840822] sd 2:0:0:0: [sda] Write Protect is off
[   19.847633] sd 2:0:1:0: [sdb] 20480 512-byte logical blocks: (10.5 MB/10.0 MiB)
[   19.893105] sd 2:0:0:0: [sda] Incomplete mode parameter data
[   19.993405] sd 2:0:0:0: [sda] Assuming drive cache: write through
[   19.993850] sd 2:0:1:0: [sdb] Write Protect is off
[   19.993969] sd 2:0:1:0: [sdb] Incomplete mode parameter data
[   19.993969] sd 2:0:1:0: [sdb] Assuming drive cache: write through
[   20.071554] sd 2:0:1:0: [sdb] Attached SCSI disk
[   20.313671]  sda: sda1
[   20.372186] sd 2:0:0:0: [sda] Attached SCSI disk
[   21.143274] floppy0: no floppy controllers found
Begin: Loading e[   22.582978] md: linear personality registered for level -1
ssential drivers ... [   22.668748] md: multipath personality registered for level -4
[   22.728908] md: raid0 personality registered for level 0
[   22.787884] md: raid1 personality registered for level 1
[   22.980552] raid6: sse2x1   gen()  8773 MB/s
[   23.052851] raid6: sse2x1   xor()  6293 MB/s
[   23.160567] raid6: sse2x2   gen()  9063 MB/s
[   23.236595] raid6: sse2x2   xor()  7352 MB/s
[   23.304265] raid6: sse2x4   gen() 12166 MB/s
[   23.388812] raid6: sse2x4   xor()  8652 MB/s
[   23.417639] raid6: using algorithm sse2x4 gen() 12166 MB/s
[   23.462874] raid6: .... xor() 8652 MB/s, rmw enabled
[   23.481325] raid6: using ssse3x2 recovery algorithm
[   23.485851] xor: automatically using best checksumming function:
[   23.573528]    avx       : 23144.000 MB/sec
[   23.597160] async_tx: api initialized (async)
[   23.660130] md: raid6 personality registered for level 6
[   23.672737] md: raid5 personality registered for level 5
[   23.677404] md: raid4 personality registered for level 4
[   23.738567] md: raid10 personality registered for level 10
done.
Begin: Running /scripts/init-premount ... done.
Begin: M[   23.796287] Btrfs loaded
ounting root file system ... Begin: Running /scripts/local-top ... done.
Begin: Running /scripts/local-premount ... Scanning for Btrfs filesystems
done.
Warning: fsck no[   23.918936] EXT4-fs (sda1): mounted filesystem with ordered data mode. Opts: (null)
t present, so skipping root file system
done.
Begin: Running /scripts/local-bottom ... done.
Begin: Running /scripts/init-bottom ... done.
[   24.122293] systemd[1]: systemd 229 running in system mode. (+PAM +AUDIT +SELINUX +IMA +APPARMOR +SMACK +SYSVINIT +UTMP +LIBCRYPTSETUP +GCRYPT +GNUTLS +ACL +XZ -LZ4 +SECCOMP +BLKID +ELFUTILS +KMOD -IDN)
[   24.138263] systemd[1]: Detected virtualization oracle.
[   24.139476] systemd[1]: Detected architecture x86-64.

Welcome to [1mUbuntu 16.04.2 LTS[0m!

[   24.181697] systemd[1]: Set hostname to <ubuntu-xenial>.
[   24.473141] systemd[1]: Listening on Journal Socket (/dev/log).
[[0;32m  OK  [0m] Listening on Journal Socket (/dev/log).
[   24.545322] systemd[1]: Reached target User and Group Name Lookups.
[[0;32m  OK  [0m] Reached target User and Group Name Lookups.
[   24.611523] systemd[1]: Started Trigger resolvconf update for networkd DNS.
[[0;32m  OK  [0m] Started Trigger resolvconf update for networkd DNS.
[   24.713160] systemd[1]: Listening on Device-mapper event daemon FIFOs.
[[0;32m  OK  [0m] Listening on Device-mapper event daemon FIFOs.
[   24.758256] systemd[1]: Listening on Journal Audit Socket.
[[0;32m  OK  [0m] Listening on Journal Audit Socket.
[   24.797539] systemd[1]: Listening on Syslog Socket.
[[0;32m  OK  [0m] Listening on Syslog Socket.
[   24.945087] systemd[1]: Started Forward Password Requests to Wall Directory Watch.
[[0;32m  OK  [0m] Started Forward Password Requests to Wall Directory Watch.
[   25.044748] systemd[1]: Reached target Swap.
[[0;32m  OK  [0m] Reached target Swap.
[   25.084987] systemd[1]: Created slice System Slice.
[[0;32m  OK  [0m] Created slice System Slice.
[   25.157128] systemd[1]: Created slice system-serial\x2dgetty.slice.
[[0;32m  OK  [0m] Created slice system-serial\x2dgetty.slice.
[   25.223406] systemd[1]: Created slice User and Session Slice.
[[0;32m  OK  [0m] Created slice User and Session Slice.
[   25.340850] systemd[1]: Reached target Slices.
[[0;32m  OK  [0m] Reached target Slices.
[   25.414439] systemd[1]: Listening on /dev/initctl Compatibility Named Pipe.
[[0;32m  OK  [0m] Listening on /dev/initctl Compatibility Named Pipe.
[   25.497318] systemd[1]: Set up automount Arbitrary Executable File Formats File System Automount Point.
[[0;32m  OK  [0m] Set up automount Arbitrary Executab...ats File System Automount Point.
[   25.530939] systemd[1]: Reached target Encrypted Volumes.
[[0;32m  OK  [0m] Reached target Encrypted Volumes.
[   25.572812] systemd[1]: Listening on LVM2 poll daemon socket.
[[0;32m  OK  [0m] Listening on LVM2 poll daemon socket.
[   25.621599] systemd[1]: Listening on Journal Socket.
[[0;32m  OK  [0m] Listening on Journal Socket.
[   25.708940] systemd[1]: Starting Remount Root and Kernel File Systems...
[   25.770045] T4-f (a1): re-mounted. Opts: (ul
         Starting Remount Root and Kernel File Systems...
[   26.037357] systemd[1]: Starting Uncomplicated firewall...
[   26.039704] random: nonblocking pool is initialized
         Starting Uncomplicated firewall...
[   26.132596] systemd[1]: Starting Create list of required static device nodes for the current kernel...
         Starting Create list of required st... nodes for the current kernel...
[   26.245036] systemd[1]: Mounting POSIX Message Queue File System...
         Mounting POSIX Message Queue File System...
[   26.332831] systemd[1]: Mounting Debug File System...
         Mounting Debug File System...
[   26.416643] systemd[1]: Starting Journal Service...
         Starting Journal Service...
[   26.509086] systemd[1]: Mounting Huge Pages File System...
         Mounting Huge Pages File System...
[   26.580928] systemd[1]: Starting Nameserver information manager...
         Starting Nameserver information manager...
[   26.660988] systemd[1]: Starting Load Kernel Modules...
         Startin[   26.672842] Loading iSCSI transport class v2.0-870.
g Load Kernel Modules...
[   26.689699] systemd[1]: Starting Set console keymap...
         [   26.715060] iscsi: registered transport (tcp)
Starting Set console keymap...
[   26.757662] systemd[1]: Listening on LVM2 metadata daemon socket.
[[0;32m  OK  [0m] Listening on LVM2 metadata daemon socket.
[   26.923176] iscsi: registered transport (iser)
[   26.945063] systemd[1]: Starting Monitoring of LVM2 mirrors, snapshots etc. using dmeventd or progress polling...
         Starting Monitoring of LVM2 mirrors... dmeventd or progress polling...
[   26.981858] systemd[1]: Listening on udev Control Socket.
[[0;32m  OK  [0m] Listening on udev Control Socket.
[   26.994153] systemd[1]: Listening on udev Kernel Socket.
[[0;32m  OK  [0m] Listening on udev Kernel Socket.
[   27.085298] systemd[1]: Mounted POSIX Message Queue File System.
[[0;32m  OK  [0m] Mounted POSIX Message Queue File System.
[   27.148730] stemd[1]Monted Debug ilSystem
[[0;32m  OK  [0m] Mounted Debug File System.
[  27.4521] sstem[1]:MounedHu Pas Fil Sstem.
[[0;32m  OK  [0m] Mounted Huge Pages File System.
[   27.931060] systemd[1]: Started Journl Service.

[[0;32m  OK  [0m] Started Journal Service.
[[0;32m  OK  [0m] Started Remount Root and Kernel File Systems.
[[0;32m  OK  [0m] Started Uncomplicated firewall.
[[0;32m  OK  [0m] Started Create list of required sta...ce nodes for the current kernel.
[[0;32m  OK  [0m] Started Load Kernel Modules.
[[0;32m  OK  [0m] Started Set console keymap.
[[0;32m  OK  [0m] Started Nameserver information manager.
[[0;32m  OK  [0m] Started LVM2 metadata daemon.
         Starting Apply Kernel Variables...
         Mounting FUSE Control File System...
         Starting Create Static Device Nodes in /dev...
         Starting Load/Save Random Seed...
         Starting udev Coldplug all Devices...
         Starting Initial cloud-init job (pre-networking)...
         Starting Flush Journal to Persistent Storage...
[[0;32m  OK  [0m] Mounted FUSE Control File System.
[[0;32m  OK  [0m] Started Apply Kernel Variables.
[[0;32m  OK  [0m] Started Create Static Device Nodes in /dev.
[[0;32m  OK  [0m] Started Load/Save Random Seed.
         Starting udev Kernel Device Manager...
[[0;32m  OK  [0m] Started Flush Journal to Persistent Storage.
[[0;32m  OK  [0m] Started udev Coldplug all Devices.
[[0;32m  OK  [0m] Started udev Kernel Device Manager.
[[0;32m  OK  [0m] Started Monitoring of LVM2 mirrors,...ng dmeventd or progress polling.
[[0;32m  OK  [0m] Started Dispatch Password Requests to Console Directory Watch.
[[0;32m  OK  [0m] Reached target Local File Systems (Pre).
[[0;32m  OK  [0m] Reached target Local File Systems.
         Starting Create Volatile Files and Directories...
         Starting Tell Plymouth To Write Out Runtime Data...
         Starting LSB: AppArmor initialization...
         Starting Enable support for additional executable binary formats...
         Starting Set console font and keymap...
[[0;32m  OK  [0m] Started Create Volatile Files and Directories.
[[0;32m  OK  [0m] Started Tell Plymouth To Write Out Runtime Data.
         Mounting Arbitrary Executable File Formats File System...
[[0;32m  OK  [0m] Reached target System Time Synchronized.
         Starting Update UTMP about System Boot/Shutdown...
[[0;32m  OK  [0m] Mounted Arbitrary Executable File Formats File System.
[[0;32m  OK  [0m] Started Update UTMP about System Boot/Shutdown.
[[0;32m  OK  [0m] Started Enable support for additional executable binary formats.
[[0;32m  OK  [0m] Started LSB: AppArmor initialization.
[[0;32m  OK  [0m] Found device /dev/ttyS0.
[[0;32m  OK  [0m] Found device 82540EM Gigabit Ethern...r (PRO/1000 MT Desktop Adapter).
[   18.985665] cloud-init[459]: Cloud-init v. 0.7.9 running 'init-local' at Thu, 08 Jun 2017 00:25:24 +0000. Up 18.67 seconds.
[[0;32m  OK  [0m] Started Initial cloud-init job (pre-networking).
[[0;32m  OK  [0m] Reached target Network (Pre).
[[0;32m  OK  [0m] Started ifup for enp0s3.
         Starting Raise network interfaces...
[[0;32m  OK  [0m] Listening on Load/Save RF Kill Switch Status /dev/rfkill Watch.
[[0;32m  OK  [0m] Started Set console font and keymap.
[[0;32m  OK  [0m] Created slice system-getty.slice.
[[0;32m  OK  [0m] Started Raise network interfaces.
         Starting Initial cloud-init job (metadata service crawler)...
[[0;32m  OK  [0m] Reached target Network.
[   21.544775] cloud-init[982]: Cloud-init v. 0.7.9 running 'init' at Thu, 08 Jun 2017 00:25:26 +0000. Up 21.23 seconds.
[   21.616520] [cloud-init[0;32m  OK  [0m[982]: ] ci-info: +++++++++++++++++++++++++++++++++++++Net device info++++++++++++++++++++++++++++++++++++++Started Initial cloud-init job (metadata service crawler).

[   21.617251] cloud-init[982]: ci-info: +--------+------+----------------------------+---------------+-------+-------------------+
[   21.752644] [cloud-init[0;32m  OK  [0m[982]: ] ci-info: | Device |  Up  |          Address           |      Mask     | Scope |     Hw-Address    |Reached target Cloud-config availability.

[[0;32m  OK  [0m] Reached target System Initialization.
[[0;32m  OK  [0m] Listening on RPCbind Server Activation Socket.
[   21.753245] cloud-init[982]: ci-info: +--------+------+----------------------------+---------------+-------+-------------------+
[   22.040446] [cloud-init[0;32m  OK  [0m[982]: ] ci-info: |   lo   | True |         127.0.0.1          |   255.0.0.0   |   .   |         .         |Listening on D-Bus System Message Bus Socket.

[   22.041004] cloud-init[982]: ci-info: |   lo   | True |          ::1/128           |       .       |  host |         .         |
[   22.284653]          cloud-initStarting LXD - unix socket.[982]: 
ci-info: | enp0s3 | True |         10.0.2.15          | 255.255.255.0 |   .   | 02:fb:34:e1:96:ef |
[[0;32m  OK  [0m] Started Timer to automatically refresh installed snaps.
         Starting Socket activation for snappy daemon.
[   22.315836] cloud-init[982]: ci-info: | enp0s3 | True | fe80::fb:34ff:fee1:96ef/64 |       .       |  link | 02:fb:34:e1:96:ef |
[   22.440352] [[0;32m  OK  [0m] Started ACPI Events Check.
[[0;32m  OK  [0m] Reached target Paths.
[[0;32m  OK  [0m] Listening on ACPID Listen Socket.
[[0;32m  OK  [0m] Started Daily Cleanup of Temporary Directories.
cloud-init[982]: ci-info: +--------+------+----------------------------+---------------+-------+-------------------+
[   22.639257] [cloud-init[0;32m  OK  [0m[982]: ] ci-info: +++++++++++++++++++++++++++Route IPv4 info++++++++++++++++++++++++++++Started Daily apt activities.

[[0;32m  OK  [0m] Reached target Timers.
[[0;32m  OK  [0m] Listening on UUID daemon activation socket.
[   22.639843] cloud-init[982]: ci-info: +-------+-------------+----------+---------------+-----------+-------+
[   22.780560] [cloud-init[0;32m  OK  [0m[982]: ] ci-info: | Route | Destination | Gateway  |    Genmask    | Interface | Flags |Reached target Network is Online.

[   22.781261] cloud-init[982]: ci-info: +-------+-------------+----------+---------------+-----------+-------+
[   22.878153]          cloud-initStarting iSCSI initiator daemon (iscsid)...[982]: 
ci-info: |   0   |   0.0.0.0   | 10.0.2.2 |    0.0.0.0    |   enp0s3  |   UG  |
[   22.956738] [cloud-init[0;32m  OK  [0m[982]: ] ci-info: |   1   |   10.0.2.0  | 0.0.0.0  | 255.255.255.0 |   enp0s3  |   U   |Listening on LXD - unix socket.

[[0;32m  OK  [0m] Listening on Socket activation for snappy daemon.
[   22.957334] cloud-init[982]: ci-info: +-------+-------------+----------+---------------+-----------+-------+
[[0;32m  OK  [0m] Reached target Sockets.
[[0;32m  OK  [0m] Reached target Basic System.
[[0;32m  OK  [0m] Started D-Bus System Message Bus.
[[0;32m  OK  [0m] Started ACPI event daemon.
[[0;32m  OK  [0m] Started Regular background program processing daemon.
         Starting /etc/rc.local Compatibility...
[[0;32m  OK  [0m] Started FUSE filesystem for LXC.
         Starting Login Service...
[[0;32m  OK  [0m] Started Deferred execution scheduler.
         Starting Accounts Service...
[[0;32m  OK  [0m] Started Snappy daemon.
         Starting Auto import assertions from block devices...
         Starting Daily apt activities...
         Starting Apply the settings specified in cloud-config...
         Starting LSB: MD monitoring daemon...
         Starting System Logging Service...
         Starting LSB: Record successful boot for GRUB...
[[0;32m  OK  [0m] Started Unattended Upgrades Shutdown.
         Starting OpenBSD Secure Shell server...
         Starting LXD - container startup/shutdown...
[[0;32m  OK  [0m] Started System Logging Service.
[[0;32m  OK  [0m] Started OpenBSD Secure Shell server.
[[0;32m  OK  [0m] Started iSCSI initiator daemon (iscsid).
[[0;32m  OK  [0m] Started /etc/rc.local Compatibility.
[[0;32m  OK  [0m] Started Auto import assertions from block devices.
[[0;32m  OK  [0m] Started LXD - container startup/shutdown.
[[0;32m  OK  [0m] Started Login Service.
         Starting Authenticate and Authorize Users to Run Privileged Tasks...
         Starting Login to default iSCSI targets...
[[0;32m  OK  [0m] Started LSB: MD monitoring daemon.
[[0;32m  OK  [0m] Started LSB: Record successful boot for GRUB.
[[0;32m  OK  [0m] Started Authenticate and Authorize Users to Run Privileged Tasks.
[[0;32m  OK  [0m] Started Accounts Service.
[   24.397722] cloud-init[1082]: Cloud-init v. 0.7.9 running 'modules:config' at Thu, 08 Jun 2017 00:25:29 +0000. Up 24.30 seconds.
[[0;32m  OK  [0m] Started Apply the settings specified in cloud-config.
[[0;32m  OK  [0m] Started Login to default iSCSI targets.
[[0;32m  OK  [0m] Reached target Remote File Systems (Pre).
[[0;32m  OK  [0m] Reached target Remote File Systems.
         Starting LSB: Set the CPU Frequency Scaling governor to "ondemand"...
         Starting LSB: automatic crash report generation...
         Starting Permit User Sessions...
         Starting LSB: daemon to balance interrupts for SMP systems...
         Starting LSB: VirtualBox Linux Additions...
[[0;32m  OK  [0m] Started Permit User Sessions.
[[0;32m  OK  [0m] Started LSB: Set the CPU Frequency Scaling governor to "ondemand".
         Starting Terminate Plymouth Boot Screen...
         Starting Hold until boot process finishes up...
[[0;32m  OK  [0m] Started LSB: automatic crash report generation.
[[0;32m  OK  [0m] Started LSB: daemon to balance interrupts for SMP systems.
[[0;32m  OK  [0m] Started Terminate Plymouth Boot Screen.
[[0;32m  OK  [0m] Started Hold until boot process finishes up.
         Starting Set console scheme...
[[0;32m  OK  [0m] Started Getty on tty1.
[[0;32m  OK  [0m] Started Serial Getty on ttyS0.
[[0;32m  OK  [0m] Reached target Login Prompts.
[[0;32m  OK  [0m] Started LSB: VirtualBox Linux Additions.
[[0;32m  OK  [0m] Started Set console scheme.
[[0;32m  OK  [0m] Created slice User Slice of ubuntu.
[[0;32m  OK  [0m] Started Session 1 of user ubuntu.
         Starting User Manager for UID 1000...
[[0;32m  OK  [0m] Reached target Multi-User System.
         Starting Execute cloud user/final scripts...
[[0;32m  OK  [0m] Reached target Graphical Interface.
         Starting Update UTMP about System Runlevel Changes...
[[0;32m  OK  [0m] Started User Manager for UID 1000.
[[0;32m  OK  [0m] Started Update UTMP about System Runlevel Changes.
[   26.099108] cloud-init[1435]: Cloud-init v. 0.7.9 running 'modules:final' at Thu, 08 Jun 2017 00:25:31 +0000. Up 25.84 seconds.
[   26.165079] cloud-init[1435]: Cloud-init v. 0.7.9 finished at Thu, 08 Jun 2017 00:25:31 +0000. Datasource DataSourceNoCloud [seed=/dev/sdb][dsmode=net].  Up 26.08 seconds
[[0;32m  OK  [0m] Started Execute cloud user/final scripts.
[[0;32m  OK  [0m] Reached target Cloud-init target.
         Stopping User Manager for UID 1000...
[[0;32m  OK  [0m] Stopped User Manager for UID 1000.
[[0;32m  OK  [0m] Removed slice User Slice of ubuntu.

Ubuntu 16.04.2 LTS ubuntu-xenial ttyS0

ubuntu-xenial login: [[0;32m  OK  [0m] Stopped target Graphical Interface.
         Stopping Sessio         Stopping LSB: daemon to balance interrupts for SMP systems...
[[0;32m  OK  [0m] Stopped target Timers.
[[0;32m  OK  [0m] Stopped Daily apt activities.
[[0;32m  OK  [0m] Stopped Timer to automatically refresh installed snaps.
[[0;32m  OK  [0m] Stopped target System Time Synchronized.
[[0;32m  OK  [0m] Stopped Daily Cleanup of Temporary Directories.
         Stopping Regular background program processing daemon...
[[0;32m  OK  [0m] Stopped target Cloud-config availability.
         Stopping LSB: automatic crash report generation...
         Stopping Deferred execution scheduler...
         Stopping Accounts Service...
[[0;32m  OK  [0m] Unmounted /var/lib/lxcfs.
[[0;32m  OK  [0m] Stopped ACPI event daemon.
[[0;32m  OK  [0m] Stopped Regular background program processing daemon.
[[0;32m  OK  [0m] Stopped Deferred execution scheduler.
[[0;32m  OK  [0m] Stopped Accounts Service.
[[0;32m  OK  [0m] Stopped Snappy daemon.
[[0;32m  OK  [0m] Stopped System Logging Service.
[[0;32m  OK  [0m] Stopped OpenBSD Secure Shell server.
[[0;32m  OK  [0m] Stopped Authenticate and Authorize Users to Run Privileged Tasks.
[[0;32m  OK  [0m] Stopped Getty on tty1.
[[0;32m  OK  [0m] Stopped Serial Getty on ttyS0.
[[0;32m  OK  [0m] Stopped User Manager for UID 1000.
[[0;32m  OK  [0m] Stopped Unattended Upgrades Shutdown.
[[0;32m  OK  [0m] Stopped Session 39 of user ubuntu.
[[0;32m  OK  [0m] Stopped D-Bus System Message Bus.
[[0;32m  OK  [0m] Stopped FUSE filesystem for LXC.
[[0;32m  OK  [0m] Stopped LSB: Record successful boot for GRUB.
[[0;32m  OK  [0m] Stopped LSB: MD monitoring daemon.
[[0;32m  OK  [0m] Stopped LSB: Set the CPU Frequency Scaling governor to "ondemand".
[[0;32m  OK  [0m] Stopped LXD - container startup/shutdown.
[[0;32m  OK  [0m] Stopped LSB: daemon to balance interrupts for SMP systems.
[[0;32m  OK  [0m] Stopped LSB: VirtualBox Linux Additions.
[[0;32m  OK  [0m] Stopped LSB: automatic crash report generation.
[[0;32m  OK  [0m] Removed slice User Slice of ubuntu.
         Stopping Login Service...
[[0;32m  OK  [0m] Removed slice system-serial\x2dgetty.slice.
[[0;32m  OK  [0m] Removed slice system-getty.slice.
         Stopping Permit User Sessions...
[[0;32m  OK  [0m] Stopped /etc/rc.local Compatibility.
[[0;32m  OK  [0m] Stopped Login Service.
[[0;32m  OK  [0m] Stopped Permit User Sessions.
[[0;32m  OK  [0m] Stopped target Remote File Systems.
[[0;32m  OK  [0m] Stopped target Remote File Systems (Pre).
         Stopping Login to default iSCSI targets...
[[0;32m  OK  [0m] Stopped target User and Group Name Lookups.
[[0;32m  OK  [0m] Stopped target Basic System.
[[0;32m  OK  [0m] Stopped target Sockets.
[[0;32m  OK  [0m] Closed D-Bus System Message Bus Socket.
[[0;32m  OK  [0m] Closed UUID daemon activation socket.
[[0;32m  OK  [0m] Closed Socket activation for snappy daemon.
[[0;32m  OK  [0m] Closed RPCbind Server Activation Socket.
[[0;32m  OK  [0m] Closed Syslog Socket.
[[0;32m  OK  [0m] Closed ACPID Listen Socket.
[[0;32m  OK  [0m] Closed LXD - unix socket.
[[0;32m  OK  [0m] Stopped target Paths.
[[0;32m  OK  [0m] Stopped ACPI Events Check.
[[0;32m  OK  [0m] Stopped Dispatch Password Requests to Console Directory Watch.
[[0;32m  OK  [0m] Stopped Forward Password Requests to Wall Directory Watch.
[[0;32m  OK  [0m] Stopped target Slices.
[[0;32m  OK  [0m] Removed slice User and Session Slice.
[[0;32m  OK  [0m] Stopped target System Initialization.
         Stopping Load/Save Random Seed...
[[0;32m  OK  [0m] Stopped target Swap.
         Stopping Update UTMP about System Boot/Shutdown...
[[0;32m  OK  [0m] Stopped target Encrypted Volumes.
[[0;32m  OK  [0m] Stopped Load/Save Random Seed.
[[0;32m  OK  [0m] Stopped Update UTMP about System Boot/Shutdown.
[[0;32m  OK  [0m] Stopped Login to default iSCSI targets.
         Stopping iSCSI initiator daemon (iscsid)...
[[0;32m  OK  [0m] Stopped Create Volatile Files and Directories.
[[0;32m  OK  [0m] Stopped iSCSI initiator daemon (iscsid).
[[0;32m  OK  [0m] Stopped target Network is Online.
[[0;32m  OK  [0m] Stopped Initial cloud-init job (metadata service crawler).
[[0;32m  OK  [0m] Stopped target Network.
         Stopping Raise network interfaces...
[[0;32m  OK  [0m] Stopped Raise network interfaces.
[[0;32m  OK  [0m] Stopped target Network (Pre).
[[0;32m  OK  [0m] Stopped Initial cloud-init job (pre-networking).
[[0;32m  OK  [0m] Stopped Apply Kernel Variables.
[[0;32m  OK  [0m] Stopped Load Kernel Modules.
[[0;32m  OK  [0m] Stopped target Local File Systems.
         Unmounting /vagrant...
         Unmounting /run/user/1000...
[[0;32m  OK  [0m] Unmounted /vagrant.
[[0;32m  OK  [0m] Unmounted /run/user/1000.
[[0;32m  OK  [0m] Reached target Unmount All Filesystems.
[[0;32m  OK  [0m] Stopped target Local File Systems (Pre).
[[0;32m  OK  [0m] Stopped Create Static Device Nodes in /dev.
[[0;32m  OK  [0m] Stopped Remount Root and Kernel File Systems.
[[0;32m  OK  [0m] Reached target Shutdown.
[115987.003044] reboot: Power down