[  000000 Iitiaizg grousubsys cpuset
[    0.0000] Initliingcgupsubsyspu
[   .00000] Initalzig grp subsycpacct
[  0.00000] nux eron4..03-eneric (build@lw0-2) (gc rsio 5.0 20160609 (Ubuntu 5.4.0-6ubuntu1~16.04.4) ) #106-Uunu SP Mon n 6 17::4 UTC01(Ubuntu 4.4.0-83.106-gnec 4.4.70)[    0.000] Comanline: BO_IAGE=/boot/vmlinuz-4.4.0-83-genericrot=UUID=4d5d1894-7ea2-4612-ba0d-9c53f2639o nsole=y1conolttS0    0.000000] KERNEL supported cpus:
[    0.000000]   Intel GenuineIntel
[    0.000000]   AMDAuenticAMD[   0.000]   entaur CentaurHauls
[    0.000000]x8/fpu: xsatofset[2]: 576, xstate_ses[2]:  256
[    0.000000] x86/fpu: Supporting XSAVE feature 0x01: 'x87 floating point registers'
[    0.000000] x86/fpu: Supporting XSAVE feature 0x02: 'SSE registers'
[   0.000000] x86/fpu: Suporting XSAVE feature 0x04: 'AVX registers'
[    0.000000] x86/fpu: nabled xstate features 0x7, context size i 832 bytes, using 'standard' format.
[    0.000000] x86/fpu: Using 'lazy' FPU context switches.
[    0.000000] e820: BIOS-provided physical RAM map:
[    0.000000] BIOS-e820: [mem 0x0000000000000000-0x000000000009fbff] usable
[    0.000000] BIOS-e820: [mem 0x000000000009fc00-0x000000000009ffff] reserved
[    0.000000] BIOS-e820: [mem 0x00000000000f0000-0x00000000000fffff] reserved
[    0.000000] BIOS-e820: [mem 0x0000000010000-0x000000003ffeffff] usable
[    0.000000] BIOS-e820: [mem 0x000000003fff0000-0x000000003fffffff] ACPI data
[    0.000000] BIOS-e820: [mem 0x00000000fffc0000-0x00000000ffffffff] reserved
[    0.000000] NX (Execute Disable) protection: active
[    0.000000] SMBIOS 2.5 present.
[    0.000000] Hypervisor detected: KVM
[    0.00000]820: stfn =0xff max_arch_pfn = 0x400000000
[    0.000000] MTRR: Disabled
[    0.000000] x86/PAT: MTRRs disabled, skipping PAT initialization too.
[    0.000000] x86/PAT: Configuration [0-7]: WB  WT  UC- UC W  WT  UC- UC  
[    0.000000] CPU MRsal blank vrtualedsyste.    .000] fndSMP MP-ab a [m 00009fff0-0x0009ffff] mapped at [ffff88000009fff0]
[    0.000000] Scanning 1 areas for low memory corruption
[    0.000000] RAMDISK: [mem 0x36234000-0x37111fff]
[    0.000000] ACPI: Early table cheks vericaion disabled
[    0.000000] ACPI: RSDP 0x00000000000E0000 000024 (v02 VBOX  )
[    0.000000] ACPI: XSDT 0x000000003FFF0030 00003C (v01 VBOX   VBOXXSDT 00000001 ASL  000000)
[  000000] API: FACP 0x000000003FF00 00000F4(v VBOX   VBOXFACP 00000001 ASL  00000061)
[    0.000000] ACPI: DSDT 0x000000003FFF0470 002118 (v01 VBOX   VBOXBIOS 00000002 INTL 2010028)
[    0.000000] ACPI: FACS 0x000000003FFF0200 000040
[    0.000000] ACPI: FACS 0x0000003FF020000040
[   0.0000] ACPI: APIC 0x000000003FFF0240 00005C (v02 VBOX   VBOXAPIC 00000001 ASL  00000061)
[    0.000000] ACPI: SSDT 0x000000003FFF02A0 0001CC (v01 VBOX   VBOXCPUT 00000002 INTL 20100528)
[    0.000000] No NUMA configuration found
[    0.000000] Faking a node at [mem 0x0000000000000000-0x000000003ffeffff]
[    00000] NODEAT(0) allocated [mem 0x3ffeb000-0x3ffeffff]
[    0.000000] kvm-clock: Using msrs 4b564d01 and 4b564d00
[    0.00000 km-lock: pu, sr 0:3ffe3001, primary cpu clock
  0.0000]kvmclk: using schedffet of34823674 cyes
[    0.000000] clocksource: kvm-clock: mask: 0xffffffffffffffff max_cycles: 0x1cd42e4dffb, max_idle_ns: 881590591483 ns
[    0.000000] Zone ranes:
[    0.000000]   DMA      [mem 0x0000000000001000-0x0000000000ffffff]
[    0.000000]   DMA32    [mem 0x0000000001000000-0x000000003ffeffff]
[    0.000000]   Normal   empty
[    0.000000]   Device   empty
[    0.000000] Movable zone start for ech node
[    0.000000] Early memory node ranges
[    0.000000]   node   0: [mem 0x0000000000001000-0x000000000009efff]
[    0.000000]   node   0: [mem 0x0000000000100000-0x000000003ffeffff]
[    0.000000] Initmem setup node 0 [mem 0x0000000000001000-0x000000003ffeffff]
[    0.000000] ACPI: PM-Timer IO Port0x008[   .000] IOPIC[]:pi_id 2, ersin 17, addrss0xfec000, SI0-
    0000] PI INT_SR_O (bus b__irq 0 global_irq df dfl)[   .0000]ACPI: INT_SRC_OVR (bus 0 bus_irq 9 global_irq 9 high level)
[    0.000000] Ung APIMADT f SMP configuration information
[    0.000000] smpboot: Allowing 2 CPUs, 0 hotplug CPUs
[    0.000000] PM: Registered nosave memory: [mem 0x00000000-0x00000fff]
[    0.000000] PM: Registered nosave memory: [mem 0x0009f000-0x0009ffff]
[    0.000000] PM: Registered nosave memory: [mem 0x000a0000-0x000effff]
[   000000] PM: Registered nosave memory: [mem 0x000f0000-0x000fffff]
[    0.000000] e820: [mem 0x40000000-0xffffbffff] avaabe for CIevces
[    0.000000] Booting paravirtualized kernel on KVM
[    0.000000] clocksource: refined-jiffies: mask 0fffff max_cycles 0xfffff, ma_ilens:64519001568 s[  000000 sup_perpu NCPUS12r_cpuskbi:5 nr_cpu_ids:2 nr_node_ids:1
[  000000 PCPU: mbdded33ags/cpu @ffff88003fc00000 s98264 81 d8712u1856
[    0.000000] PV qspinlock hash table entries: 256 (order: 0, 4096 bytes)
[    0.000000] Built 1 zonelists in Node order, mobility grouping on.  Total pages: 257913
[    0.000000] Policy zone: DMA32
[    0.000000] Kernel command line: BOOT_IMAGE=/boot/vmlinuz-4.4.0-83-generic root=UUID=4d5d1894-7ea2-4612-ba0d-9cf5344f2639 ro console=tty1 console=ttyS0
[    0.000000] PID hash table entries: 4096 (order: 3, 32768 bytes)
[    0.000000] Memory: 997352K/1048120K available (8469K kernel code, 1294K rwdata, 3984K rodata, 1488K init, 1316K bss, 50768K reserved, 0K cma-reserved)
[    0.000000] SLUB: HWalign=64, Order=0-3, MinObjects=0, CPUs=2, Nodes=1
[    0.000000] Hierarchical RCU implementation.
[   .000000] 	Build-time adjustment of leaf fanout to 64.
[    0.000000] 	RCU restricting CPUs from NR_CPUS=512 to nr_cpu_ids=2.
[    0.000000 R: djusingeometry for rcu_fanout_leaf=64, nr_cpu_ids=2
[    0.000000] NR_IRQS:302nrirqs:440 16[  0.000000] Console: colour VGA+ 80x25
[     0.000000] consol [ty1]enbld   00000] console [ttyS0] enabled
[    0.000000] sc Dtected 2700.000 MHz processor
[    7.061372] Calibrating delay loop (skipped) preset value.. 5400.00 BogoMIPS (lpj=10800000)
[    7.149829] pid_max: default: 32768 minimum: 301
[    7.213448] ACPI: Core revision 20150930
[    7.215594] ACPI: 2 ACPI AML tables successfully acquired and loaded
[    7.233934] Security Framework initialized
[    7.276762] Yama: becoming mindful.
[    7.317899] AppArmor: AppArmor initialized
[    7.319132] Dentry cache hash table entries: 131072 (order: 8, 1048576 bytes)
[    7.321065] Inode-cache hash table entries: 65536 (order: 7, 524288 bytes)
[    7.378784] Mount-cache hash table entries: 2048 (order: 2, 16384 bytes)
[    7.435917] Mountpoint-cache hash table entries: 2048 (order: 2, 16384 bytes)
[    7.443499] Initializing cgroup subsys io
[    7.453431] Initializing cgroup subsys memory
[    7.454490] Initializing cgroup subsys devices
[    7.455535] Initializing cgroup subsys freezer
[    7.456604] Initializing cgroup subsys net_cls
[    7.457652] Initializing cgroup subsys perf_event
[    7.458742] Initializing cgroup subsys net_prio
[    7.459801] Initializing cgroup subsys hugetlb
[    7.460750] Initializing cgroup subsys pids
[    7.461830] CPU: Physical Processor ID: 0
[    7.462678] CPU: Processor Core ID: 0
[    7.464487] mce: CPU supports 0 MCE banks
[    7.509125] Last level iTLB entries: 4KB 64, 2MB 8, 4MB 8
[    7.603196] Last level dTLB entries: 4KB 64, 2MB 0, 4MB 0, 1GB 4
[    7.672432] Freeing SMP alternatives memory: 32K (ffffffff820b9000 - ffffffff820c1000)
[    7.711614] ftrace: allocating 32129 entries in 126 pages
[    7.760685] smpboot: APIC(0) Converting physical 0 to logical package 0
[    7.856726] smpboot: Max logical packages: 1
[    7.905838] ..TIMER: vector=0x30 apic1=0 pin1=2 apic2=-1 pin2=-1
[    8.016737] smpboot: CPU0: Intel(R) Core(TM) i5-5257U CPU @ 2.70GHz (family: 0x6, model: 0x3d, stepping: 0x4)
[    8.047479] Performance Events: unsupported p6 CPU model 61 no PMU driver, software events only.
[    8.067970] KVM setup paravirtual spinlock
[    8.088112] x86: Booting SMP configuration:
[    8.100420] .... node  #0, CPUs:      #1
[    8.157232] kvm-clock: cpu 1, msr 0:3ffe3041, secondary cpu clock
[    8.185567] mce: CPU supports 0 MCE banks
[    8.217359] x86: Booted up 1 node, 2 CPUs
[    8.243530] smpboot: Total of 2 processors activated (10800.00 BogoMIPS)
[    8.261087] devtmpfs: initialized
[    8.280652] evm: security.selinux
[    8.293949] evm: security.SMACK64
[    8.327442] evm: security.SMACK64EXEC
[    8.347427] evm: security.SMACK64TRANSMUTE
[    8.348423] evm: security.SMACK64MMAP
[    8.363831] evm: security.ima
[    8.383609] evm: security.capability
[    8.397340] clocksource: jiffies: mask: 0xffffffff max_cycles: 0xffffffff, max_idle_ns: 7645041785100000 ns
[    8.434455] futex hash table entries: 512 (order: 3, 32768 bytes)
[    8.444490] pinctrl core: initialized pinctrl subsystem
[    8.473920] RTC time: 19:07:22, date: 07/12/17
[    8.520078] NET: Registered protocol family 16
[    8.582837] cpuidle: using governor ladder
[    8.599119] cpuidle: using governor menu
[    8.606190] PCCT header not found.
[    8.615740] ACPI: bus type PCI registered
[    8.631991] acpiphp: ACPI Hot Plug PCI Controller Driver version: 0.5
[    8.635351] PCI: Using configuration type 1 for base access
[    8.695792] ACPI: Added _OSI(Module Device)
[    8.755448] ACPI: Added _OSI(Processor Device)
[    8.804983] ACPI: Added _OSI(3.0 _SCP Extensions)
[    8.821023] ACPI: Added _OSI(Processor Aggregator Device)
[    8.851404] ACPI: Executed 1 blocks of module-level executable AML code
[    8.897389] ACPI: Interpreter enabled
[    8.944016] ACPI: (supports S0 S5)
[    8.968084] ACPI: Using IOAPIC for interrupt routing
[    9.019083] PCI: Using host bridge windows from ACPI; if necessary, use "pci=nocrs" and report a bug
[    9.087478] ACPI: PCI Root Bridge [PCI0] (domain 0000 [bus 00-ff])
[    9.173315] acpi PNP0A03:00: _OSC: OS supports [ASPM ClockPM Segments MSI]
[    9.232607] acpi PNP0A03:00: _OSC failed (AE_NOT_FOUND); disabling ASPM
[    9.251743] acpi PNP0A03:00: fail to add MMCONFIG information, can't access extended PCI configuration space under this bridge.
[    9.353258] PCI host bridge to bus 0000:00
[    9.396319] pci_bus 0000:00: root bus resource [io  0x0000-0x0cf7 window]
[    9.433553] pci_bus 0000:00: root bus resource [io  0x0d00-0xffff window]
[    9.503688] pci_bus 0000:00: root bus resource [mem 0x000a0000-0x000bffff window]
[    9.564221] pci_bus 0000:00: root bus resource [mem 0x40000000-0xffdfffff window]
[    9.628186] pci_bus 0000:00: root bus resource [bus 00-ff]
[    9.674741] pci 0000:00:01.1: legacy IDE quirk: reg 0x10: [io  0x01f0-0x01f7]
[    9.769543] pci 0000:00:01.1: legacy IDE quirk: reg 0x14: [io  0x03f6]
[    9.797921] pci 0000:00:01.1: legacy IDE quirk: reg 0x18: [io  0x0170-0x0177]
[    9.833658] pci 0000:00:01.1: legacy IDE quirk: reg 0x1c: [io  0x0376]
[    9.859359] ACPI: PCI Interrupt Link [LNKA] (IRQs 5 9 10 11) *0, disabled.
[    9.940334] ACPI: PCI Interrupt Link [LNKB] (IRQs 5 9 10 *11)
[   10.000602] ACPI: PCI Interrupt Link [LNKC] (IRQs 5 9 *10 11)
[   10.002570] ACPI: PCI Interrupt Link [LNKD] (IRQs 5 *9 10 11)
[   10.048050] ACPI: Enabled 2 GPEs in block 00 to 07
[   10.072794] vgaarb: setting as boot device: PCI:0000:00:02.0
[   10.109673] vgaarb: device added: PCI:0000:00:02.0,decodes=io+mem,owns=io+mem,locks=none
[   10.156391] vgaarb: loaded
[   10.173411] vgaarb: bridge control possible 0000:00:02.0
[   10.229037] SCSI subsystem initialized
[   10.238736] ACPI: bus type USB registered
[   10.284626] usbcore: registered new interface driver usbfs
[   10.348943] usbcore: registered new interface driver hub
[   10.408678] usbcore: registered new device driver usb
[   10.450110] PCI: Using ACPI for IRQ routing
[   10.451732] NetLabel: Initializing
[   10.464083] NetLabel:  domain hash size = 128
[   10.470632] NetLabel:  protocols = UNLABELED CIPSOv4
[   10.471850] NetLabel:  unlabeled traffic allowed by default
[   10.480687] amd_nb: Cannot enumerate AMD northbridges
[   10.495991] clocksource: Switched to clocksource kvm-clock
[   10.506323] AppArmor: AppArmor FilesysteEnbled
[ 10166] pnp: PnP ACPI init
[   10.762172] pnp: PnPAC: un3 devices

[   10.950134] cocouceac_p: as 0xffffff max_cycles: 0xffffff, max_idle_ns: 2085701024 ns
[   11.5342] NET: Registered protocol family 2

[   11.341199] TCesblhe hash table entries: 8192 (order: 4, 65536 bytes)
[ 11.556953] TCP bind hash table entries: 8192orr:5, 13102 yts)
[ 11423]CPHa tlecoiged (established 8192 bind81)[  12.44695] UDP hah bl eri: 12orr:2,63 bes
[ 131049UDLi hh blenries:51 (order: , 16384 bytes)
[   13.648070] NET: Registered protocol family 1
[  1.673 p 00::00:imindirect PCI/PCI transfers
[ 1446958pc00:0:00:ctivating ISA DMA hang workarounds

[   1.49876]npkig itmf..

[   15.112960] Freeing initrd memory: 15224K (ffff880036234000 - ffff880037112000)
[   15.159611] RAPL PMU detected, API unit is 2^-32 Joules, 4 fixed counters 10737418240 ms ovfl timer
[   15.289522] hw unit of domain pp0-core 2^-0 Joules
[   15.330617] hw unit of domain package 2^-0 Joules
[   15.354241] hw unit of domain dram 2^-0 Joules
[   15.400904] hw unit of domain pp1-gpu 2^-0 Joules
[   15.433377] platform rtc_cmos: registered platform RTC device (no PNP device found)
[   15.483435] Scanning for low memory corruption every 60 seconds
[   15.485197] audit: initializing netlink subsys (disabled)
[   15.486457] audit: type=2000 audit(1499886444.874:1): initialized
[   15.488029] Initialise system trusted keyring
[   15.489360] HugeTLB registered 2 MB page size, pre-allocated 0 pages
[   15.492005] zbud: loaded
[   15.493119] VFS: Disk quotas dquot_6.6.0
[   15.569634] VFS: Dquot-cache hash table entries: 512 (order 0, 4096 bytes)
[   15.736332] squashfs: version 4.0 (2009/01/31) Phillip Lougher
[   15.817805] fuse init (API version 7.23)
[   15.830451] Key type big_key registered
[   15.840702] Allocating IMA MOK and blacklist keyrings.
[   15.854979] Key type asymmetric registered
[   15.869739] Asymmetric key parser 'x509' registered
[   15.913117] Block layer SCSI generic (bsg) driver version 0.4 loaded (major 249)
[   15.998997] io scheduler noop registered
[   16.093506] io scheduler deadline registered (default)
[   16.132418] io scheduler cfq registered
[   16.221636] pci_hotplug: PCI Hot Plug PCI Core version: 0.5
[   16.234794] pciehp: PCI Express Hot Plug Controller Driver version: 0.4
[   16.304618] ACPI: AC Adapter [AC] (off-line)
[   16.397772] input: Power Button as /devices/LNXSYSTM:00/LNXPWRBN:00/input/input0
[   16.434252] tsc: Refined TSC clocksource calibration: 2699.999 MHz
[   16.478690] clocksource: tsc: mask: 0xffffffffffffffff max_cycles: 0x26eb3d7f706, max_idle_ns: 440795268188 ns
[   16.478738] ACPI: Power Button [PWRF]
ÿ[   16.478841] input: Sleep Button as /devices/LNXSYSTM:00/LNXSLPBN:00/input/input1
[   16.478843] ACPI: Sleep Button [SLPF]
[   16.479024] GHES: HEST is not enabled!
[   16.576392] ACPI: Battery Slot [BAT0] (battery present)
[   16.576438] Serial: 8250/16550 driver, 32 ports, IRQ sharing enabled
[   16.644669] 00:02: ttyS0 at I/O 0x3f8 (irq = 4, base_baud = 115200) is a 16550A
[   16.764628] Linux agpgart interface v0.103
[   16.777422] loop: module loaded
[   16.777964] scsi host0: ata_piix
[   16.778010] scsi host1: ata_piix
[   16.778035] ata1: PATA max UDMA/33 cmd 0x1f0 ctl 0x3f6 bmdma 0xd000 irq 14
[   16.778036] ata2: PATA max UDMA/33 cmd 0x170 ctl 0x376 bmdma 0xd008 irq 15
[   16.778098] libphy: Fixed MDIO Bus: probed
[   16.778100] tun: Universal TUN/TAP device driver, 1.6
[   16.778101] tun: (C) 1999-2004 Max Krasnyansky <maxk@qualcomm.com>
[   16.778391] PPP generic driver version 2.4.2
[   16.778438] ehci_hcd: USB 2.0 'Enhanced' Host Controller (EHCI) Driver
[   16.778442] ehci-pci: EHCI PCI platform driver
[   16.778455] ehci-platform: EHCI generic platform driver
[   16.778462] ohci_hcd: USB 1.1 'Open' Host Controller (OHCI) Driver
[   16.778465] ohci-pci: OHCI PCI platform driver
[   16.778472] ohci-platform: OHCI generic platform driver
[   16.778477] uhci_hcd: USB Universal Host Controller Interface driver
[   16.778525] i8042: PNP: PS/2 Controller [PNP0303:PS2K,PNP0f03:PS2M] at 0x60,0x64 irq 1,12
[   16.778976] serio: i8042 KBD port at 0x60,0x64 irq 1
[   16.778979] serio: i8042 AUX port at 0x60,0x64 irq 12
[   16.779059] mousedev: PS/2 mouse device common for all mice
[   16.780635] input: AT Translated Set 2 keyboard as /devices/platform/i8042/serio0/input/input2
[   16.780908] rtc_cmos rtc_cmos: rtc core: registered rtc_cmos as rtc0
[   16.780967] rtc_cmos rtc_cmos: alarms up to one day, 114 bytes nvram
[   16.780974] i2c /dev entries driver
[   16.781025] device-mapper: uevent: version 1.0.3
[   16.781073] device-mapper: ioctl: 4.34.0-ioctl (2015-10-28) initialised: dm-devel@redhat.com
[   16.781093] ledtrig-cpu: registered to indicate activity on CPUs
[   16.781710] NET: Registered protocol family 10
[   16.781834] NET: Registered protocol family 17
[   16.781844] Key type dns_resolver registered
[   16.781963] microcode: CPU0 sig=0x306d4, pf=0x40, revision=0x0
[   16.815209] microcode: CPU1 sig=0x306d4, pf=0x40, revision=0x0
[   16.815319] microcode: Microcode Update Driver: v2.01 <tigran@aivazian.fsnet.co.uk>, Peter Oruba
[   16.815439] registered taskstats version 1
[   16.815452] Loading compiled-in X.509 certificates
[   16.816086] Loaded X.509 cert 'Build time autogenerated kernel key: 35105354eb779045e4d9ad793dead39d5ee93f76'
[   16.816107] zswap: loaded using pool lzo/zbud
[   16.817496] Key type trusted registered
[   16.819756] Key type encrypted registered
[   16.819761] AppArmor: AppArmor sha1 policy hashing enabled
[   16.819763] ima: No TPM chip found, activating TPM-bypass!
[   16.819782] evm: HMAC attrs: 0x1
[   16.820002]   Magic number: 9:986:141
[   16.840774] rtc_cmos rtc_cmos: setting system clock to 2017-07-12 19:07:31 UTC (1499886451)
[   16.840891] BIOS EDD facility v0.16 2004-Jun-25, 0 devices found
[   16.840891] EDD information not available.
[   18.742596] Freeing unused kernel memory: 1488K (ffffffff81f45000 - ffffffff820b9000)
[   20.269104] Write protecting the kernel read-only data: 14336k
[   20.294247] Freeing unused kernel memory: 1760K (ffff880001848000 - ffff880001a00000)
[   20.315593] Freeing unused kernel memory: 112K (ffff880001de4000 - ffff880001e00000)
Loading, please wait...
starting version[   20.345902] random: systemd-udevd: uninitialized urandom read (16 bytes read, 7 bits of entropy available)
 229
[   20.346263] random: udevadm: uninitialized urandom read (16 bytes read, 7 bits of entropy available)
[   20.346311] random: udevadm: uninitialized urandom read (16 bytes read, 7 bits of entropy available)
[   20.346415] random: udevadm: uninitialized urandom read (16 bytes read, 7 bits of entropy available)
[   20.346511] random: udevadm: uninitialized urandom read (16 bytes read, 7 bits of entropy available)
[   20.346574] random: udevadm: uninitialized urandom read (16 bytes read, 7 bits of entropy available)
[   20.346629] random: udevadm: uninitialized urandom read (16 bytes read, 7 bits of entropy available)
[   20.346681] random: udevadm: uninitialized urandom read (16 bytes read, 7 bits of entropy available)
[   20.346733] random: udevadm: uninitialized urandom read (16 bytes read, 7 bits of entropy available)
[   20.346786] random: udevadm: uninitialized urandom read (16 bytes read, 7 bits of entropy available)
[   20.865766] Fusion MPT base driver 3.04.20
[   20.893991] Copyright (c) 1999-2008 LSI Corporation
[   20.926930] AVX version of gcm_enc/dec engaged.
[   20.932808] e1000: Intel(R) PRO/1000 Network Driver - version 7.3.21-k8-NAPI
[   20.932808] e1000: Copyright (c) 1999-2006 Intel Corporation.
[   20.952315] AES CTR mode by8 optimization enabled
[   20.966130] Fusion MPT SPI Host driver 3.04.20
[   21.110569] input: ImExPS/2 Generic Explorer Mouse as /devices/platform/i8042/serio1/input/input4
[   21.324650] e1000 0000:00:03.0 eth0: (PCI:33MHz:32-bit) 02:fb:34:e1:96:ef
[   21.378316] e1000 0000:00:03.0 eth0: Intel(R) PRO/1000 Network Connection
[   21.381151] e1000 0000:00:03.0 enp0s3: renamed from eth0
[   21.433888] mptbase: ioc0: Initiating bringup
[   21.540398] ioc0: LSI53C1030 A0: Capabilities={Initiator}
[   21.766754] scsi host2: ioc0: LSI53C1030 A0, FwRev=00000000h, Ports=1, MaxQ=256, IRQ=20
[   21.984720] scsi 2:0:0:0: Direct-Access     VBOX     HARDDISK         1.0  PQ: 0 ANSI: 5
[   22.947198] scsi target2:0:0: Beginning Domain Validation
[   23.004307] scsi target2:0:0: Domain Validation skipping write tests
[   23.992923] scsi target2:0:0: Ending Domain Validation
[   23.994361] scsi target2:0:0: asynchronous
[   23.996497] floppy0: no floppy controllers found
[   24.073423] scsi 2:0:1:0: Direct-Access     VBOX     HARDDISK         1.0  PQ: 0 ANSI: 5
[   24.183452] scsi target2:0:1: Beginning Domain Validation
[   24.249704] scsi target2:0:1: Domain Validation skipping write tests
[   24.281184] scsi target2:0:1: Ending Domain Validation
[   24.321475] scsi target2:0:1: asynchronous
[   24.346865] sd 2:0:0:0: Attached scsi generic sg0 type 0
[   24.373563] sd 2:0:0:0: [sda] 20971520 512-byte logical blocks: (10.7 GB/10.0 GiB)
[   24.373596] sd 2:0:1:0: [sdb] 20480 512-byte logical blocks: (10.5 MB/10.0 MiB)
[   24.373792] sd 2:0:1:0: [sdb] Write Protect is off
[   24.373813] sd 2:0:1:0: Attached scsi generic sg1 type 0
[   24.373898] sd 2:0:1:0: [sdb] Incomplete mode parameter data
[   24.373899] sd 2:0:1:0: [sdb] Assuming drive cache: write through
[   24.376202] sd 2:0:1:0: [sdb] Attached SCSI disk
[   24.873393] sd 2:0:0:0: [sda] Write Protect is off
[   24.940780] sd 2:0:0:0: [sda] Incomplete mode parameter data
[   24.993055] sd 2:0:0:0: [sda] Assuming drive cache: write through
[   25.012922]  sda: sda1
[   25.058409] sd 2:0:0:0: [sda] Attached SCSI disk
Begin: Loading e[   26.492985] md: linear personality registered for level -1
ssential drivers ... [   26.560022] md: multipath personality registered for level -4
[   26.656836] md: raid0 personality registered for level 0
[   26.804343] md: raid1 personality registered for level 1
[   26.956240] raid6: sse2x1   gen()  8457 MB/s
[   27.072380] raid6: sse2x1   xor()  6231 MB/s
[   27.172970] raid6: sse2x2   gen()  6067 MB/s
[   27.256495] raid6: sse2x2   xor()  4621 MB/s
[   27.324154] raid6: sse2x4   gen() 10966 MB/s
[   27.396520] raid6: sse2x4   xor()  7330 MB/s
[   27.402767] raid6: using algorithm sse2x4 gen() 10966 MB/s
[   27.419756] raid6: .... xor() 7330 MB/s, rmw enabled
[   27.429425] raid6: using ssse3x2 recovery algorithm
[   27.438864] xor: automatically using best checksumming function:
[   27.496208]    avx       : 26241.000 MB/sec
[   27.510383] async_tx: api initialized (async)
[   27.527706] md: raid6 personality registered for level 6
[   27.559504] md: raid5 personality registered for level 5
[   27.575121] md: raid4 personality registered for level 4
[   27.582330] md: raid10 personality registered for level 10
done.
Begin: Running /scripts/init-premount ... done.
Begin: Mounting root file system ... Begin: Running /scripts/local-top ... done.
Begin: Running /scripts/local-premount ... [   27.659218] Btrfs loaded
Scanning for Btrfs filesystems
done.
Warning: fsck not present, so sk[   27.715912] EXT4-fs (sda1): mounted filesystem with ordered data mode. Opts: (null)
ipping root file system
done.
Begin: Running /scripts/local-bottom ... done.
Begin: Running /scripts/init-bottom ... done.
[   27.962203] systemd[1]: systemd 229 running in system mode. (+PAM +AUDIT +SELINUX +IMA +APPARMOR +SMACK +SYSVINIT +UTMP +LIBCRYPTSETUP +GCRYPT +GNUTLS +ACL +XZ -LZ4 +SECCOMP +BLKID +ELFUTILS +KMOD -IDN)
[   28.258439] systemd[1]: Detected virtualization oracle.
[   28.317530] systemd[1]: Detected architecture x86-64.

Welcome to [1mUbuntu 16.04.2 LTS[0m!

[   28.350592] systemd[1]: Set hostname to <ubuntu-xenial>.
[   28.615384] systemd[1]: Listening on /dev/initctl Compatibility Named Pipe.
[[0;32m  OK  [0m] Listening on /dev/initctl Compatibility Named Pipe.
[   28.760538] systemd[1]: Listening on Journal Socket (/dev/log).
[[0;32m  OK  [0m] Listening on Journal Socket (/dev/log).
[   28.788512] systemd[1]: Reached target Swap.
[[0;32m  OK  [0m] Reached target Swap.
[   28.816536] systemd[1]: Listening on Device-mapper event daemon FIFOs.
[[0;32m  OK  [0m] Listening on Device-mapper event daemon FIFOs.
[   28.860554] systemd[1]: Listening on udev Control Socket.
[[0;32m  OK  [0m] Listening on udev Control Socket.
[   28.904776] systemd[1]: Listening on Syslog Socket.
[[0;32m  OK  [0m] Listening on Syslog Socket.
[   28.915855] systemd[1]: Started Trigger resolvconf update for networkd DNS.
[[0;32m  OK  [0m] Started Trigger resolvconf update for networkd DNS.
[   28.956584] systemd[1]: Listening on LVM2 metadata daemon socket.
[[0;32m  OK  [0m] Listening on LVM2 metadata daemon socket.
[   28.969906] systemd[1]: Set up automount Arbitrary Executable File Formats File System Automount Point.
[[0;32m  OK  [0m] Set up automount Arbitrary Executab...ats File System Automount Point.
[   29.112443] systemd[1]: Reached target Encrypted Volumes.
[[0;32m  OK  [0m] Reached target Encrypted Volumes.
[   29.201742] systemd[1]: Created slice User and Session Slice.
[[0;32m  OK  [0m] Created slice User and Session Slice.
[   29.272996] systemd[1]: Listening on Journal Socket.
[[0;32m  OK  [0m] Listening on Journal Socket.
[   29.372324] systemd[1]: Reached target User and Group Name Lookups.
[[0;32m  OK  [0m] Reached target User and Group Name Lookups.
[   29.441481] systemd[1]: Listening on Journal Audit Socket.
[[0;32m  OK  [0m] Listening on Journal Audit Socket.
[   29.492498] systemd[1]: Listening on udev Kernel Socket.
[[0;32m  OK  [0m] Listening on udev Kernel Socket.
[   29.524793] systemd[1]: Listening on LVM2 poll daemon socket.
[[0;32m  OK  [0m] Listening on LVM2 poll daemon socket.
[   29.585081] systemd[1]: Created slice System Slice.
[[0;32m  OK  [0m] Created slice System Slice.
[   29.672853] systemd[1]: Starting Set console keymap...
[   29.674234] random: nonblocking pool is initialized
         Starting Set console keymap...
[   29.820960] systemd[1]: Starting Nameserver information manager...
         Starting Nameserver information manager...
[   29.880979] systemd[1]: Starting Load Kernel Modules...
[   29.889936] Loading iSCSI tansport class v2.0-870.

         Startin[   29.924826] iscsi: registered transport (tcp)
g Load Kernel Modules...
[   29.983791] iscsi: registered transport (iser)
[   29.988187] systemd[1]: Mounting Debug File System...
         Mounting Debug File System...
[   30.002631] systemd[1]: Starting Uncomplicated firewall...
         Starting Uncomplicated firewall...
[   30.100443] systemd[1]: Starting Remount Root and Kernel File Systems...
[   30.106508] EXT4-fs (sda1): re-mounted. Opts: (null)
         Starting Remount Root and Kernel File Systems...
[   30.244364] systemd[1]: Starting Create list of required static device nodes for the current kernel...
         Starting Create list of required st... nodes for the current kernel...
[   30.370928] systemd[1]: Reached target Slices.
[[0;32m  OK  [0m] Reached target Slices.
[   30.464505] systemd[1]: Mounting POSIX Message Queue File System...
         Mounting POSIX Message Queue File System...
[   30.560223] systemd[1]: Mounting Huge Pages File System...
         Mounting Huge Pages File System...
[   30.633130] systemd[1]: Created slice system-serial\x2dgetty.slice.
[[0;32m  OK  [0m] Created slice system-serial\x2dgetty.slice.
[   30.728777] systemd[1]: Starting Monitoring of LVM2 mirrors, snapshots etc. using dmeventd or progress polling...
         Starting Monitoring of LVM2 mirrors... dmeventd or progress polling...
[   30.881080] systemd[1]: Starting Journal Service...
         Starting Journal Service...
[   30.907530] systemd[1]: Started Forward Password Requests to Wall Directory Watch.
[[0;32m  OK  [0m] Started Forward Password Requests to Wall Directory Watch.
[   31.097434] systemd[1]: Mounted POSIX Message Queue File System.
[[0;32m  OK  [0m] Mounted POSIX Message Queue File System.
[   31.180598] systemd[1]: Mounted Debug File System.
[[0;32m  OK  [0m] Mounted Debug File System.
[   31.272337] systemd[1]: Mounted Huge Pages File System.
[[0;32m  OK  [0m] Mounted Huge Pages File System.
[   31.384709] systemd[1]: Started Journal Service.
[[0;32m  OK  [0m] Started Journal Service.
[[0;32m  OK  [0m] Started Set console keymap.
[[0;32m  OK  [0m] Started Load Kernel Modules.
[[0;32m  OK  [0m] Started Uncomplicated firewall.
[[0;32m  OK  [0m] Started Remount Root and Kernel File Systems.
[[0;32m  OK  [0m] Started Create list of required sta...ce nodes for the current kernel.
[[0;32m  OK  [0m] Started Nameserver information manager.
[[0;32m  OK  [0m] Started LVM2 metadata daemon.
         Starting Create Static Device Nodes in /dev...
         Starting Load/Save Random Seed...
         Starting Initial cloud-init job (pre-networking)...
         Starting udev Coldplug all Devices...
         Mounting FUSE Control File System...
         Starting Apply Kernel Variables...
         Starting Flush Journal to Persistent Storage...
[[0;32m  OK  [0m] Mounted FUSE Control File System.
[[0;32m  OK  [0m] Started Monitoring of LVM2 mirrors,...ng dmeventd or progress polling.
[[0;32m  OK  [0m] Started Create Static Device Nodes in /dev.
[[0;32m  OK  [0m] Started Load/Save Random Seed.
[[0;32m  OK  [0m] Started Apply Kernel Variables.
[[0;32m  OK  [0m] Started udev Coldplug all Devices.
[[0;32m  OK  [0m] Started Flush Journal to Persistent Storage.
         Starting udev Kernel Device Manager...
[[0;32m  OK  [0m] Started udev Kernel Device Manager.
[[0;32m  OK  [0m] Started Dispatch Password Requests to Console Directory Watch.
[[0;32m  OK  [0m] Reached target Local File Systems (Pre).
[[0;32m  OK  [0m] Reached target Local File Systems.
         Starting LSB: AppArmor initialization...
         Starting Tell Plymouth To Write Out Runtime Data...
         Starting Create Volatile Files and Directories...
         Starting Enable support for additional executable binary formats...
         Starting Set console font and keymap...
[[0;32m  OK  [0m] Started Tell Plymouth To Write Out Runtime Data.
[[0;32m  OK  [0m] Started Create Volatile Files and Directories.
[[0;32m  OK  [0m] Found device /dev/ttyS0.
         Mounting Arbitrary Executable File Formats File System...
[[0;32m  OK  [0m] Reached target System Time Synchronized.
[   23.540412] cloud-init[451]: Cloud-init v. 0.7.9 running 'init-local' at Wed, 12 Jul 2017 19:07:47 +0000. Up 22.97 seconds.
         Starting Update UTMP about System Boot/Shutdown...
[[0;32m  OK  [0m] Mounted Arbitrary Executable File Formats File System.
[[0;32m  OK  [0m] Started LSB: AppArmor initialization.
[[0;32m  OK  [0m] Started Set console font and keymap.
[[0;32m  OK  [0m] Started Initial cloud-init job (pre-networking).
[[0;32m  OK  [0m] Started Enable support for additional executable binary formats.
[[0;32m  OK  [0m] Started Update UTMP about System Boot/Shutdown.
[[0;32m  OK  [0m] Found device 82540EM Gigabit Ethern...r (PRO/1000 MT Desktop Adapter).
[[0;32m  OK  [0m] Listening on Load/Save RF Kill Switch Status /dev/rfkill Watch.
[[0;32m  OK  [0m] Reached target Network (Pre).
[[0;32m  OK  [0m] Created slice system-getty.slice.
         Starting Raise network interfaces...
[[0;32m  OK  [0m] Started ifup for enp0s3.
[[0;32m  OK  [0m] Started Raise network interfaces.
         Starting Initial cloud-init job (metadata service crawler)...
[[0;32m  OK  [0m] Reached target Network.
[   26.415754] cloud-init[970]: Cloud-init v. 0.7.9 running 'init' at Wed, 12 Jul 2017 19:07:50 +0000. Up 26.13 seconds.
[   26.435302] cloud-init[970]: ci-info: +++++++++++++++++++++++++++++++++++++Net device info++++++++++++++++++++++++++++++++++++++
[   26.450142] cloud-init[970]: ci-info: +--------+------+----------------------------+---------------+-------+-------------------+
[   26.460661] cloud-init[970]: ci-info: | Device |  Up  |          Address           |      Mask     | Scope |     Hw-Address    |
[[0;32m  OK  [0m] Started Initial cloud-init job (metadata service crawler).
[   26.539143] cloud-init[970]: ci-info: +--------+------+----------------------------+---------------+-------+-------------------+
[   26.716349] cloud-init[970]: ci-info: | enp0s3 | True |         10.0.2.15          | 255.255.255.0 |   .   | 02:fb:34:e1:96:ef |
[   26.753754] cloud-init[970]: ci-info: | enp0s3 | True | fe80::fb:34ff:fee1:96ef/64 |       .       |  link | 02:fb:34:e1:96:ef |
[[0;32m  OK  [0m] Reached target System Initialization.
[   26.859899] cloud-init[970]: ci-info: |   lo   | True |         127.0.0.1          |   255.0.0.0   |   .   |         .         |
[   26.987671] [[0;32m  OK  [0m] Started Daily apt activities.
cloud-init[970]: ci-info: |   lo   | True |          ::1/128           |       .       |  host |         .         |
[   27.084583] cloud-init[970]: ci-info: +--------+------+----------------------------+---------------+-------+-------------------+
[   27.192161] cloud-init[970]: ci-info: +++++++++++++++++++++++++++Route IPv4 info++++++++++++++++++++++++++++
[   27.192482] cloud-init[970]: ci-info: +-------+-------------+----------+---------------+-----------+-------+
[   27.192522] cloud-init[970]: ci-info: | Route | Destination | Gateway  |    Genmask    | Interface | Flags |
[   27.192554] cloud-init[970]: ci-info: +-------+-------------+----------+---------------+-----------+-------+
[   27.192585] cloud-init[970]: ci-info: |   0   |   0.0.0.0   | 10.0.2.2 |    0.0.0.0    |   enp0s3  |   UG  |
[   27.192615] cloud-init[970]: ci-info: |   1   |   10.0.2.0  | 0.0.0.0  | 255.255.255.0 |   enp0s3  |   U   |
[   27.192645] cloud-init[970]: ci-info: +-------+-------------+----------+---------------+-----------+-------+
         Starting LXD - unix socket.
[[0;32m  OK  [0m] Listening on ACPID Listen Socket.
[[0;32m  OK  [0m] Started Daily Cleanup of Temporary Directories.
[[0;32m  OK  [0m] Started ACPI Events Check.
[[0;32m  OK  [0m] Reached target Paths.
[[0;32m  OK  [0m] Started Timer to automatically refresh installed snaps.
[[0;32m  OK  [0m] Reached target Timers.
         Starting Socket activation for snappy daemon.
[[0;32m  OK  [0m] Listening on UUID daemon activation socket.
[[0;32m  OK  [0m] Listening on RPCbind Server Activation Socket.
[[0;32m  OK  [0m] Listening on D-Bus System Message Bus Socket.
[[0;32m  OK  [0m] Reached target Network is Online.
         Starting iSCSI initiator daemon (iscsid)...
[[0;32m  OK  [0m] Reached target Cloud-config availability.
[[0;32m  OK  [0m] Listening on LXD - unix socket.
[[0;32m  OK  [0m] Listening on Socket activation for snappy daemon.
[[0;32m  OK  [0m] Reached target Sockets.
[[0;32m  OK  [0m] Reached target Basic System.
         Starting LSB: Record successful boot for GRUB...
[[0;32m  OK  [0m] Started Unattended Upgrades Shutdown.
[[0;32m  OK  [0m] Started ACPI event daemon.
[[0;32m  OK  [0m] Started FUSE filesystem for LXC.
         Starting Apply the settings specified in cloud-config...
         Starting System Logging Service...
         Starting Login Service...
[[0;32m  OK  [0m] Started Regular background program processing daemon.
[[0;32m  OK  [0m] Started Snappy daemon.
[[0;32m  OK  [0m] Started Deferred execution scheduler.
         Starting LSB: MD monitoring daemon...
         Starting Accounts Service...
         Starting /etc/rc.local Compatibility...
         Starting Auto import assertions from block devices...
[[0;32m  OK  [0m] Started D-Bus System Message Bus.
         Starting OpenBSD Secure Shell server...
         Starting LXD - container startup/shutdown...
[[0;32m  OK  [0m] Started System Logging Service.
[[0;32m  OK  [0m] Started OpenBSD Secure Shell server.
[[0;32m  OK  [0m] Started iSCSI initiator daemon (iscsid).
[   29.490503] cloud-init[1036]: Cloud-init v. 0.7.9 running 'modules:config' at Wed, 12 Jul 2017 19:07:53 +0000. Up 29.31 seconds.
[[0;32m  OK  [0m] Started /etc/rc.local Compatibility.
[[0;32m  OK  [0m] Started Apply the settings specified in cloud-config.
[[0;32m  OK  [0m] Started Auto import assertions from block devices.
[[0;32m  OK  [0m] Started LXD - container startup/shutdown.
[[0;32m  OK  [0m] Started LSB: Record successful boot for GRUB.
[[0;32m  OK  [0m] Started LSB: MD monitoring daemon.
[[0;32m  OK  [0m] Started Login Service.
         Starting Authenticate and Authorize Users to Run Privileged Tasks...
         Starting Login to default iSCSI targets...
[[0;32m  OK  [0m] Started Authenticate and Authorize Users to Run Privileged Tasks.
[[0;32m  OK  [0m] Started Accounts Service.
[[0;32m  OK  [0m] Started Login to default iSCSI targets.
[[0;32m  OK  [0m] Reached target Remote File Systems (Pre).
[[0;32m  OK  [0m] Reached target Remote File Systems.
         Starting LSB: Set the CPU Frequency Scaling governor to "ondemand"...
         Starting LSB: automatic crash report generation...
         Starting LSB: daemon to balance interrupts for SMP systems...
         Starting LSB: VirtualBox Linux Additions...
         Starting Permit User Sessions...
[[0;32m  OK  [0m] Started Permit User Sessions.
[[0;32m  OK  [0m] Started LSB: Set the CPU Frequency Scaling governor to "ondemand".
[[0;32m  OK  [0m] Started LSB: automatic crash report generation.
[[0;32m  OK  [0m] Started LSB: daemon to balance interrupts for SMP systems.
[[0;32m  OK  [0m] Started LSB: VirtualBox Linux Additions.
         Starting Terminate Plymouth Boot Screen...
         Starting Hold until boot process finishes up...
[[0;32m  OK  [0m] Started Terminate Plymouth Boot Screen.
[[0;32m  OK  [0m] Started Hold until boot process finishes up.
[[0;32m  OK  [0m] Started Serial Getty on ttyS0.
[[0;32m  OK  [0m] Started Getty on tty1.
[[0;32m  OK  [0m] Reached target Login Prompts.
         Starting Set console scheme...
[[0;32m  OK  [0m] Reached target Multi-User System.
         Starting Execute cloud user/final scripts...
[[0;32m  OK  [0m] Reached target Graphical Interface.
         Starting Update UTMP about System Runlevel Changes...
[[0;32m  OK  [0m] Started Set console scheme.
[[0;32m  OK  [0m] Started Update UTMP about System Runlevel Changes.
[   31.558961] cloud-init[1201]: Cloud-init v. 0.7.9 running 'modules:final' at Wed, 12 Jul 2017 19:07:56 +0000. Up 31.45 seconds.
[   31.632631] cloud-init[1201]: Cloud-init v. 0.7.9 finished at Wed, 12 Jul 2017 19:07:56 +0000. Datasource DataSourceNoCloud [seed=/dev/sdb][dsmode=net].  Up 31.55 seconds
[[0;32m  OK  [0m] Started Execute cloud user/final scripts.
[[0;32m  OK  [0m] Reached target Cloud-init target.

Ubuntu 16.04.2 LTS ubuntu-xenial ttyS0

ubuntu-xenial login: 